{"/Users/Aaron/Documents/Code/epa-rfi-backend/spec/Core/Container/ContainerSpec.js":{"path":"/Users/Aaron/Documents/Code/epa-rfi-backend/spec/Core/Container/ContainerSpec.js","s":{"1":1,"2":1,"3":1,"4":1,"5":1,"6":2,"7":1,"8":1,"9":1,"10":1,"11":1,"12":1,"13":1,"14":1,"15":1,"16":1,"17":1,"18":1,"19":1,"20":1,"21":1,"22":1,"23":1,"24":1,"25":1,"26":1,"27":1,"28":1,"29":1,"30":1,"31":1,"32":1,"33":1,"34":1,"35":1,"36":1,"37":1,"38":1,"39":1,"40":1},"b":{},"f":{"1":1,"2":1,"3":2,"4":2,"5":1,"6":1,"7":1,"8":1,"9":1,"10":1,"11":1,"12":1,"13":1,"14":1},"fnMap":{"1":{"name":"(anonymous_1)","line":3,"loc":{"start":{"line":3,"column":26},"end":{"line":3,"column":36}}},"2":{"name":"(anonymous_2)","line":5,"loc":{"start":{"line":5,"column":24},"end":{"line":5,"column":34}}},"3":{"name":"Person","line":6,"loc":{"start":{"line":6,"column":4},"end":{"line":6,"column":21}}},"4":{"name":"(anonymous_4)","line":8,"loc":{"start":{"line":8,"column":29},"end":{"line":8,"column":39}}},"5":{"name":"(anonymous_5)","line":22,"loc":{"start":{"line":22,"column":38},"end":{"line":22,"column":48}}},"6":{"name":"Person","line":23,"loc":{"start":{"line":23,"column":4},"end":{"line":23,"column":25}}},"7":{"name":"(anonymous_7)","line":37,"loc":{"start":{"line":37,"column":47},"end":{"line":37,"column":57}}},"8":{"name":"Person","line":38,"loc":{"start":{"line":38,"column":4},"end":{"line":38,"column":25}}},"9":{"name":"(anonymous_9)","line":42,"loc":{"start":{"line":42,"column":35},"end":{"line":42,"column":45}}},"10":{"name":"(anonymous_10)","line":54,"loc":{"start":{"line":54,"column":38},"end":{"line":54,"column":48}}},"11":{"name":"Person","line":55,"loc":{"start":{"line":55,"column":4},"end":{"line":55,"column":21}}},"12":{"name":"(anonymous_12)","line":57,"loc":{"start":{"line":57,"column":29},"end":{"line":57,"column":39}}},"13":{"name":"(anonymous_13)","line":65,"loc":{"start":{"line":65,"column":29},"end":{"line":65,"column":39}}},"14":{"name":"(anonymous_14)","line":66,"loc":{"start":{"line":66,"column":28},"end":{"line":66,"column":38}}}},"statementMap":{"1":{"start":{"line":1,"column":0},"end":{"line":1,"column":68}},"2":{"start":{"line":3,"column":0},"end":{"line":87,"column":3}},"3":{"start":{"line":5,"column":2},"end":{"line":19,"column":5}},"4":{"start":{"line":6,"column":4},"end":{"line":6,"column":23}},"5":{"start":{"line":8,"column":4},"end":{"line":10,"column":7}},"6":{"start":{"line":9,"column":6},"end":{"line":9,"column":26}},"7":{"start":{"line":12,"column":4},"end":{"line":12,"column":43}},"8":{"start":{"line":13,"column":4},"end":{"line":13,"column":43}},"9":{"start":{"line":16,"column":4},"end":{"line":16,"column":55}},"10":{"start":{"line":18,"column":4},"end":{"line":18,"column":47}},"11":{"start":{"line":22,"column":2},"end":{"line":34,"column":5}},"12":{"start":{"line":23,"column":4},"end":{"line":25,"column":5}},"13":{"start":{"line":24,"column":6},"end":{"line":24,"column":23}},"14":{"start":{"line":27,"column":4},"end":{"line":27,"column":54}},"15":{"start":{"line":29,"column":4},"end":{"line":29,"column":45}},"16":{"start":{"line":30,"column":4},"end":{"line":30,"column":24}},"17":{"start":{"line":33,"column":4},"end":{"line":33,"column":57}},"18":{"start":{"line":37,"column":2},"end":{"line":51,"column":5}},"19":{"start":{"line":38,"column":4},"end":{"line":40,"column":5}},"20":{"start":{"line":39,"column":6},"end":{"line":39,"column":23}},"21":{"start":{"line":42,"column":4},"end":{"line":44,"column":7}},"22":{"start":{"line":43,"column":6},"end":{"line":43,"column":33}},"23":{"start":{"line":46,"column":4},"end":{"line":46,"column":45}},"24":{"start":{"line":47,"column":4},"end":{"line":47,"column":24}},"25":{"start":{"line":50,"column":4},"end":{"line":50,"column":60}},"26":{"start":{"line":54,"column":2},"end":{"line":62,"column":5}},"27":{"start":{"line":55,"column":4},"end":{"line":55,"column":23}},"28":{"start":{"line":57,"column":4},"end":{"line":59,"column":7}},"29":{"start":{"line":58,"column":6},"end":{"line":58,"column":26}},"30":{"start":{"line":61,"column":4},"end":{"line":61,"column":63}},"31":{"start":{"line":65,"column":2},"end":{"line":85,"column":5}},"32":{"start":{"line":66,"column":6},"end":{"line":70,"column":9}},"33":{"start":{"line":67,"column":8},"end":{"line":69,"column":10}},"34":{"start":{"line":72,"column":6},"end":{"line":72,"column":45}},"35":{"start":{"line":75,"column":6},"end":{"line":75,"column":30}},"36":{"start":{"line":77,"column":6},"end":{"line":77,"column":33}},"37":{"start":{"line":78,"column":6},"end":{"line":83,"column":7}},"38":{"start":{"line":79,"column":8},"end":{"line":79,"column":22}},"39":{"start":{"line":82,"column":8},"end":{"line":82,"column":30}},"40":{"start":{"line":84,"column":6},"end":{"line":84,"column":45}}},"branchMap":{}},"/Users/Aaron/Documents/Code/epa-rfi-backend/src/Core/Container/Container.js":{"path":"/Users/Aaron/Documents/Code/epa-rfi-backend/src/Core/Container/Container.js","s":{"1":1,"2":22,"3":22,"4":46,"5":10,"6":0,"7":10,"8":10,"9":10,"10":10,"11":10,"12":23,"13":23,"14":23,"15":3,"16":0,"17":3,"18":3,"19":3,"20":3,"21":0,"22":9,"23":9,"24":9,"25":9,"26":10,"27":39,"28":53,"29":39,"30":14,"31":3,"32":3,"33":3,"34":11,"35":10,"36":1,"37":3},"b":{"1":[0,10],"2":[0,3],"3":[39,14],"4":[3,11],"5":[10,1]},"f":{"1":22,"2":46,"3":10,"4":10,"5":23,"6":3,"7":0,"8":9,"9":10,"10":39,"11":53,"12":3},"fnMap":{"1":{"name":"(anonymous_1)","line":9,"loc":{"start":{"line":9,"column":16},"end":{"line":9,"column":30}}},"2":{"name":"(anonymous_2)","line":11,"loc":{"start":{"line":11,"column":32},"end":{"line":11,"column":42}}},"3":{"name":"(anonymous_3)","line":16,"loc":{"start":{"line":16,"column":12},"end":{"line":16,"column":30}}},"4":{"name":"(anonymous_4)","line":30,"loc":{"start":{"line":30,"column":8},"end":{"line":30,"column":26}}},"5":{"name":"(anonymous_5)","line":34,"loc":{"start":{"line":34,"column":10},"end":{"line":34,"column":24}}},"6":{"name":"(anonymous_6)","line":40,"loc":{"start":{"line":40,"column":14},"end":{"line":40,"column":32}}},"7":{"name":"(anonymous_7)","line":54,"loc":{"start":{"line":54,"column":13},"end":{"line":54,"column":31}}},"8":{"name":"(anonymous_8)","line":58,"loc":{"start":{"line":58,"column":12},"end":{"line":58,"column":36}}},"9":{"name":"(anonymous_9)","line":69,"loc":{"start":{"line":69,"column":10},"end":{"line":69,"column":24}}},"10":{"name":"(anonymous_10)","line":73,"loc":{"start":{"line":73,"column":15},"end":{"line":73,"column":29}}},"11":{"name":"(anonymous_11)","line":77,"loc":{"start":{"line":77,"column":11},"end":{"line":77,"column":25}}},"12":{"name":"(anonymous_12)","line":98,"loc":{"start":{"line":98,"column":8},"end":{"line":98,"column":22}}}},"statementMap":{"1":{"start":{"line":1,"column":0},"end":{"line":102,"column":1}},"2":{"start":{"line":10,"column":4},"end":{"line":10,"column":20}},"3":{"start":{"line":11,"column":4},"end":{"line":13,"column":7}},"4":{"start":{"line":12,"column":6},"end":{"line":12,"column":32}},"5":{"start":{"line":17,"column":4},"end":{"line":19,"column":5}},"6":{"start":{"line":18,"column":6},"end":{"line":18,"column":54}},"7":{"start":{"line":21,"column":4},"end":{"line":21,"column":22}},"8":{"start":{"line":23,"column":4},"end":{"line":23,"column":31}},"9":{"start":{"line":25,"column":4},"end":{"line":25,"column":28}},"10":{"start":{"line":27,"column":4},"end":{"line":27,"column":16}},"11":{"start":{"line":31,"column":4},"end":{"line":31,"column":35}},"12":{"start":{"line":35,"column":4},"end":{"line":35,"column":33}},"13":{"start":{"line":36,"column":4},"end":{"line":36,"column":39}},"14":{"start":{"line":37,"column":4},"end":{"line":37,"column":33}},"15":{"start":{"line":41,"column":4},"end":{"line":43,"column":5}},"16":{"start":{"line":42,"column":6},"end":{"line":42,"column":54}},"17":{"start":{"line":45,"column":4},"end":{"line":45,"column":22}},"18":{"start":{"line":47,"column":4},"end":{"line":47,"column":37}},"19":{"start":{"line":49,"column":4},"end":{"line":49,"column":28}},"20":{"start":{"line":51,"column":4},"end":{"line":51,"column":16}},"21":{"start":{"line":55,"column":4},"end":{"line":55,"column":37}},"22":{"start":{"line":60,"column":4},"end":{"line":60,"column":22}},"23":{"start":{"line":62,"column":4},"end":{"line":62,"column":37}},"24":{"start":{"line":64,"column":4},"end":{"line":64,"column":28}},"25":{"start":{"line":66,"column":4},"end":{"line":66,"column":16}},"26":{"start":{"line":70,"column":4},"end":{"line":70,"column":39}},"27":{"start":{"line":74,"column":4},"end":{"line":74,"column":33}},"28":{"start":{"line":79,"column":4},"end":{"line":81,"column":5}},"29":{"start":{"line":80,"column":6},"end":{"line":80,"column":36}},"30":{"start":{"line":84,"column":4},"end":{"line":88,"column":5}},"31":{"start":{"line":85,"column":6},"end":{"line":85,"column":55}},"32":{"start":{"line":86,"column":6},"end":{"line":86,"column":36}},"33":{"start":{"line":87,"column":6},"end":{"line":87,"column":22}},"34":{"start":{"line":91,"column":4},"end":{"line":93,"column":5}},"35":{"start":{"line":92,"column":6},"end":{"line":92,"column":31}},"36":{"start":{"line":95,"column":4},"end":{"line":95,"column":61}},"37":{"start":{"line":99,"column":4},"end":{"line":99,"column":30}}},"branchMap":{"1":{"line":17,"type":"if","locations":[{"start":{"line":17,"column":4},"end":{"line":17,"column":4}},{"start":{"line":17,"column":4},"end":{"line":17,"column":4}}]},"2":{"line":41,"type":"if","locations":[{"start":{"line":41,"column":4},"end":{"line":41,"column":4}},{"start":{"line":41,"column":4},"end":{"line":41,"column":4}}]},"3":{"line":79,"type":"if","locations":[{"start":{"line":79,"column":4},"end":{"line":79,"column":4}},{"start":{"line":79,"column":4},"end":{"line":79,"column":4}}]},"4":{"line":84,"type":"if","locations":[{"start":{"line":84,"column":4},"end":{"line":84,"column":4}},{"start":{"line":84,"column":4},"end":{"line":84,"column":4}}]},"5":{"line":91,"type":"if","locations":[{"start":{"line":91,"column":4},"end":{"line":91,"column":4}},{"start":{"line":91,"column":4},"end":{"line":91,"column":4}}]}}},"/Users/Aaron/Documents/Code/epa-rfi-backend/spec/Core/Events/EventBusSpec.js":{"path":"/Users/Aaron/Documents/Code/epa-rfi-backend/spec/Core/Events/EventBusSpec.js","s":{"1":1,"2":1,"3":1,"4":2,"5":2,"6":1,"7":1,"8":1,"9":1,"10":2,"11":2,"12":2,"13":1,"14":1,"15":1,"16":1,"17":1,"18":1,"19":1,"20":1,"21":1,"22":1,"23":1,"24":1,"25":1,"26":1},"b":{},"f":{"1":2,"2":1,"3":1,"4":2,"5":1,"6":1,"7":1},"fnMap":{"1":{"name":"ThingWasSavedEvent","line":4,"loc":{"start":{"line":4,"column":0},"end":{"line":4,"column":43}}},"2":{"name":"(anonymous_2)","line":9,"loc":{"start":{"line":9,"column":21},"end":{"line":9,"column":31}}},"3":{"name":"(anonymous_3)","line":11,"loc":{"start":{"line":11,"column":27},"end":{"line":11,"column":37}}},"4":{"name":"(anonymous_4)","line":15,"loc":{"start":{"line":15,"column":42},"end":{"line":15,"column":57}}},"5":{"name":"(anonymous_5)","line":28,"loc":{"start":{"line":28,"column":29},"end":{"line":28,"column":39}}},"6":{"name":"(anonymous_6)","line":31,"loc":{"start":{"line":31,"column":23},"end":{"line":31,"column":33}}},"7":{"name":"(anonymous_7)","line":32,"loc":{"start":{"line":32,"column":20},"end":{"line":32,"column":35}}}},"statementMap":{"1":{"start":{"line":1,"column":0},"end":{"line":1,"column":53}},"2":{"start":{"line":2,"column":0},"end":{"line":2,"column":34}},"3":{"start":{"line":4,"column":0},"end":{"line":7,"column":1}},"4":{"start":{"line":5,"column":2},"end":{"line":5,"column":23}},"5":{"start":{"line":6,"column":2},"end":{"line":6,"column":22}},"6":{"start":{"line":9,"column":0},"end":{"line":47,"column":3}},"7":{"start":{"line":11,"column":2},"end":{"line":25,"column":5}},"8":{"start":{"line":12,"column":4},"end":{"line":12,"column":34}},"9":{"start":{"line":15,"column":4},"end":{"line":19,"column":7}},"10":{"start":{"line":16,"column":6},"end":{"line":16,"column":42}},"11":{"start":{"line":17,"column":6},"end":{"line":17,"column":42}},"12":{"start":{"line":18,"column":6},"end":{"line":18,"column":31}},"13":{"start":{"line":21,"column":4},"end":{"line":21,"column":53}},"14":{"start":{"line":23,"column":4},"end":{"line":23,"column":25}},"15":{"start":{"line":24,"column":4},"end":{"line":24,"column":44}},"16":{"start":{"line":28,"column":2},"end":{"line":46,"column":5}},"17":{"start":{"line":29,"column":4},"end":{"line":29,"column":36}},"18":{"start":{"line":31,"column":4},"end":{"line":37,"column":6}},"19":{"start":{"line":32,"column":6},"end":{"line":36,"column":7}},"20":{"start":{"line":33,"column":8},"end":{"line":33,"column":44}},"21":{"start":{"line":34,"column":8},"end":{"line":34,"column":44}},"22":{"start":{"line":35,"column":8},"end":{"line":35,"column":35}},"23":{"start":{"line":39,"column":4},"end":{"line":39,"column":65}},"24":{"start":{"line":41,"column":4},"end":{"line":41,"column":53}},"25":{"start":{"line":43,"column":4},"end":{"line":43,"column":25}},"26":{"start":{"line":45,"column":4},"end":{"line":45,"column":46}}},"branchMap":{}},"/Users/Aaron/Documents/Code/epa-rfi-backend/src/bootstrap.js":{"path":"/Users/Aaron/Documents/Code/epa-rfi-backend/src/bootstrap.js","s":{"1":1,"2":1,"3":1,"4":1,"5":1,"6":1,"7":2,"8":1,"9":1,"10":1,"11":1,"12":1,"13":1,"14":0,"15":1},"b":{},"f":{"1":1,"2":2,"3":1,"4":0},"fnMap":{"1":{"name":"(anonymous_1)","line":7,"loc":{"start":{"line":7,"column":29},"end":{"line":7,"column":39}}},"2":{"name":"(anonymous_2)","line":13,"loc":{"start":{"line":13,"column":26},"end":{"line":13,"column":36}}},"3":{"name":"(anonymous_3)","line":17,"loc":{"start":{"line":17,"column":28},"end":{"line":17,"column":47}}},"4":{"name":"(anonymous_4)","line":28,"loc":{"start":{"line":28,"column":30},"end":{"line":28,"column":40}}}},"statementMap":{"1":{"start":{"line":1,"column":0},"end":{"line":1,"column":57}},"2":{"start":{"line":3,"column":0},"end":{"line":3,"column":51}},"3":{"start":{"line":5,"column":0},"end":{"line":5,"column":68}},"4":{"start":{"line":7,"column":0},"end":{"line":9,"column":3}},"5":{"start":{"line":8,"column":2},"end":{"line":8,"column":48}},"6":{"start":{"line":13,"column":0},"end":{"line":15,"column":3}},"7":{"start":{"line":14,"column":2},"end":{"line":14,"column":28}},"8":{"start":{"line":17,"column":0},"end":{"line":19,"column":3}},"9":{"start":{"line":18,"column":2},"end":{"line":18,"column":29}},"10":{"start":{"line":21,"column":0},"end":{"line":21,"column":57}},"11":{"start":{"line":23,"column":0},"end":{"line":23,"column":69}},"12":{"start":{"line":25,"column":0},"end":{"line":25,"column":53}},"13":{"start":{"line":28,"column":0},"end":{"line":30,"column":3}},"14":{"start":{"line":29,"column":2},"end":{"line":29,"column":38}},"15":{"start":{"line":33,"column":0},"end":{"line":33,"column":27}}},"branchMap":{}},"/Users/Aaron/Documents/Code/epa-rfi-backend/config.js":{"path":"/Users/Aaron/Documents/Code/epa-rfi-backend/config.js","s":{"1":1},"b":{},"f":{},"fnMap":{},"statementMap":{"1":{"start":{"line":1,"column":0},"end":{"line":16,"column":1}}},"branchMap":{}},"/Users/Aaron/Documents/Code/epa-rfi-backend/src/Core/Events/EventBus.js":{"path":"/Users/Aaron/Documents/Code/epa-rfi-backend/src/Core/Events/EventBus.js","s":{"1":1,"2":1,"3":1,"4":1,"5":1,"6":2,"7":2,"8":2,"9":2,"10":3,"11":3,"12":2,"13":2,"14":3,"15":2,"16":2,"17":3,"18":3,"19":1},"b":{"1":[1,0],"2":[2,0],"3":[2,1],"4":[2,1]},"f":{"1":1,"2":2,"3":3,"4":2,"5":2,"6":3},"fnMap":{"1":{"name":"(anonymous_1)","line":7,"loc":{"start":{"line":7,"column":10},"end":{"line":7,"column":29}}},"2":{"name":"(anonymous_2)","line":19,"loc":{"start":{"line":19,"column":13},"end":{"line":19,"column":37}}},"3":{"name":"(anonymous_3)","line":31,"loc":{"start":{"line":31,"column":8},"end":{"line":31,"column":23}}},"4":{"name":"(anonymous_4)","line":36,"loc":{"start":{"line":36,"column":43},"end":{"line":36,"column":63}}},"5":{"name":"(anonymous_5)","line":42,"loc":{"start":{"line":42,"column":41},"end":{"line":42,"column":53}}},"6":{"name":"(anonymous_6)","line":50,"loc":{"start":{"line":50,"column":22},"end":{"line":50,"column":35}}}},"statementMap":{"1":{"start":{"line":1,"column":0},"end":{"line":53,"column":2}},"2":{"start":{"line":10,"column":4},"end":{"line":12,"column":5}},"3":{"start":{"line":11,"column":6},"end":{"line":11,"column":34}},"4":{"start":{"line":14,"column":4},"end":{"line":14,"column":36}},"5":{"start":{"line":16,"column":4},"end":{"line":16,"column":16}},"6":{"start":{"line":22,"column":4},"end":{"line":24,"column":5}},"7":{"start":{"line":23,"column":6},"end":{"line":23,"column":36}},"8":{"start":{"line":26,"column":4},"end":{"line":26,"column":43}},"9":{"start":{"line":28,"column":4},"end":{"line":28,"column":16}},"10":{"start":{"line":33,"column":4},"end":{"line":33,"column":51}},"11":{"start":{"line":35,"column":4},"end":{"line":39,"column":5}},"12":{"start":{"line":36,"column":6},"end":{"line":38,"column":9}},"13":{"start":{"line":37,"column":8},"end":{"line":37,"column":35}},"14":{"start":{"line":41,"column":4},"end":{"line":45,"column":5}},"15":{"start":{"line":42,"column":6},"end":{"line":44,"column":9}},"16":{"start":{"line":43,"column":8},"end":{"line":43,"column":20}},"17":{"start":{"line":47,"column":4},"end":{"line":47,"column":16}},"18":{"start":{"line":51,"column":4},"end":{"line":51,"column":32}},"19":{"start":{"line":55,"column":0},"end":{"line":55,"column":26}}},"branchMap":{"1":{"line":10,"type":"if","locations":[{"start":{"line":10,"column":4},"end":{"line":10,"column":4}},{"start":{"line":10,"column":4},"end":{"line":10,"column":4}}]},"2":{"line":22,"type":"if","locations":[{"start":{"line":22,"column":4},"end":{"line":22,"column":4}},{"start":{"line":22,"column":4},"end":{"line":22,"column":4}}]},"3":{"line":35,"type":"if","locations":[{"start":{"line":35,"column":4},"end":{"line":35,"column":4}},{"start":{"line":35,"column":4},"end":{"line":35,"column":4}}]},"4":{"line":41,"type":"if","locations":[{"start":{"line":41,"column":4},"end":{"line":41,"column":4}},{"start":{"line":41,"column":4},"end":{"line":41,"column":4}}]}}},"/Users/Aaron/Documents/Code/epa-rfi-backend/spec/Core/Events/SubscriberSpec.js":{"path":"/Users/Aaron/Documents/Code/epa-rfi-backend/spec/Core/Events/SubscriberSpec.js","s":{"1":1,"2":1,"3":1,"4":1,"5":1,"6":1,"7":1,"8":1,"9":1,"10":1,"11":1,"12":1,"13":1,"14":1,"15":1},"b":{},"f":{"1":1,"2":1,"3":1,"4":1,"5":1},"fnMap":{"1":{"name":"(anonymous_1)","line":5,"loc":{"start":{"line":5,"column":23},"end":{"line":5,"column":33}}},"2":{"name":"(anonymous_2)","line":7,"loc":{"start":{"line":7,"column":24},"end":{"line":7,"column":34}}},"3":{"name":"ObjectWasSaved","line":11,"loc":{"start":{"line":11,"column":4},"end":{"line":11,"column":32}}},"4":{"name":"MySubscriber","line":16,"loc":{"start":{"line":16,"column":4},"end":{"line":16,"column":27}}},"5":{"name":"(anonymous_5)","line":17,"loc":{"start":{"line":17,"column":32},"end":{"line":17,"column":47}}}},"statementMap":{"1":{"start":{"line":1,"column":0},"end":{"line":1,"column":53}},"2":{"start":{"line":2,"column":0},"end":{"line":2,"column":36}},"3":{"start":{"line":3,"column":0},"end":{"line":3,"column":38}},"4":{"start":{"line":5,"column":0},"end":{"line":30,"column":3}},"5":{"start":{"line":7,"column":2},"end":{"line":29,"column":5}},"6":{"start":{"line":8,"column":4},"end":{"line":8,"column":26}},"7":{"start":{"line":11,"column":4},"end":{"line":13,"column":5}},"8":{"start":{"line":12,"column":6},"end":{"line":12,"column":21}},"9":{"start":{"line":16,"column":4},"end":{"line":20,"column":5}},"10":{"start":{"line":17,"column":6},"end":{"line":19,"column":7}},"11":{"start":{"line":18,"column":8},"end":{"line":18,"column":25}},"12":{"start":{"line":22,"column":4},"end":{"line":22,"column":46}},"13":{"start":{"line":24,"column":4},"end":{"line":24,"column":61}},"14":{"start":{"line":26,"column":4},"end":{"line":26,"column":44}},"15":{"start":{"line":28,"column":4},"end":{"line":28,"column":36}}},"branchMap":{}},"/Users/Aaron/Documents/Code/epa-rfi-backend/src/Core/Events/Subscriber.js":{"path":"/Users/Aaron/Documents/Code/epa-rfi-backend/src/Core/Events/Subscriber.js","s":{"1":1,"2":1,"3":1,"4":1,"5":1,"6":1,"7":1,"8":0,"9":1},"b":{"1":[1,0]},"f":{"1":1,"2":1},"fnMap":{"1":{"name":"Subscriber","line":1,"loc":{"start":{"line":1,"column":0},"end":{"line":1,"column":21}}},"2":{"name":"(anonymous_2)","line":3,"loc":{"start":{"line":3,"column":17},"end":{"line":3,"column":32}}}},"statementMap":{"1":{"start":{"line":1,"column":0},"end":{"line":18,"column":1}},"2":{"start":{"line":3,"column":3},"end":{"line":17,"column":4}},"3":{"start":{"line":5,"column":5},"end":{"line":5,"column":44}},"4":{"start":{"line":7,"column":5},"end":{"line":7,"column":37}},"5":{"start":{"line":9,"column":5},"end":{"line":16,"column":6}},"6":{"start":{"line":10,"column":7},"end":{"line":15,"column":8}},"7":{"start":{"line":11,"column":9},"end":{"line":11,"column":29}},"8":{"start":{"line":14,"column":9},"end":{"line":14,"column":86}},"9":{"start":{"line":20,"column":0},"end":{"line":20,"column":28}}},"branchMap":{"1":{"line":9,"type":"if","locations":[{"start":{"line":9,"column":5},"end":{"line":9,"column":5}},{"start":{"line":9,"column":5},"end":{"line":9,"column":5}}]}}},"/Users/Aaron/Documents/Code/epa-rfi-backend/spec/Epa/EpaRepositorySpec.js":{"path":"/Users/Aaron/Documents/Code/epa-rfi-backend/spec/Epa/EpaRepositorySpec.js","s":{"1":1,"2":1,"3":1,"4":1,"5":1,"6":1,"7":1,"8":10,"9":1,"10":1,"11":1,"12":1,"13":1,"14":9,"15":1,"16":1,"17":8,"18":1},"b":{},"f":{"1":1,"2":1,"3":1,"4":10,"5":1,"6":1,"7":9},"fnMap":{"1":{"name":"(anonymous_1)","line":4,"loc":{"start":{"line":4,"column":26},"end":{"line":4,"column":36}}},"2":{"name":"(anonymous_2)","line":6,"loc":{"start":{"line":6,"column":22},"end":{"line":6,"column":36}}},"3":{"name":"(anonymous_3)","line":7,"loc":{"start":{"line":7,"column":62},"end":{"line":7,"column":81}}},"4":{"name":"(anonymous_4)","line":9,"loc":{"start":{"line":9,"column":19},"end":{"line":9,"column":37}}},"5":{"name":"(anonymous_5)","line":17,"loc":{"start":{"line":17,"column":41},"end":{"line":17,"column":55}}},"6":{"name":"(anonymous_6)","line":21,"loc":{"start":{"line":21,"column":7},"end":{"line":21,"column":26}}},"7":{"name":"(anonymous_7)","line":23,"loc":{"start":{"line":23,"column":25},"end":{"line":23,"column":43}}}},"statementMap":{"1":{"start":{"line":1,"column":0},"end":{"line":1,"column":44}},"2":{"start":{"line":2,"column":0},"end":{"line":2,"column":35}},"3":{"start":{"line":4,"column":0},"end":{"line":36,"column":3}},"4":{"start":{"line":6,"column":2},"end":{"line":14,"column":5}},"5":{"start":{"line":7,"column":4},"end":{"line":13,"column":7}},"6":{"start":{"line":8,"column":6},"end":{"line":8,"column":44}},"7":{"start":{"line":9,"column":6},"end":{"line":11,"column":9}},"8":{"start":{"line":10,"column":8},"end":{"line":10,"column":53}},"9":{"start":{"line":12,"column":6},"end":{"line":12,"column":13}},"10":{"start":{"line":17,"column":2},"end":{"line":34,"column":5}},"11":{"start":{"line":18,"column":4},"end":{"line":33,"column":7}},"12":{"start":{"line":22,"column":6},"end":{"line":22,"column":44}},"13":{"start":{"line":23,"column":6},"end":{"line":25,"column":9}},"14":{"start":{"line":24,"column":8},"end":{"line":24,"column":27}},"15":{"start":{"line":27,"column":6},"end":{"line":27,"column":23}},"16":{"start":{"line":29,"column":6},"end":{"line":31,"column":7}},"17":{"start":{"line":30,"column":8},"end":{"line":30,"column":50}},"18":{"start":{"line":32,"column":6},"end":{"line":32,"column":13}}},"branchMap":{}},"/Users/Aaron/Documents/Code/epa-rfi-backend/src/app.js":{"path":"/Users/Aaron/Documents/Code/epa-rfi-backend/src/app.js","s":{"1":1,"2":1,"3":1,"4":1,"5":1,"6":1,"7":1,"8":2,"9":1,"10":1,"11":1,"12":1,"13":0,"14":0,"15":1,"16":0,"17":0,"18":0,"19":0,"20":0,"21":0,"22":0,"23":0,"24":0,"25":1,"26":1},"b":{"1":[0,0],"2":[0,0]},"f":{"1":2,"2":1,"3":0,"4":0},"fnMap":{"1":{"name":"(anonymous_1)","line":15,"loc":{"start":{"line":15,"column":10},"end":{"line":15,"column":24}}},"2":{"name":"(anonymous_2)","line":23,"loc":{"start":{"line":23,"column":10},"end":{"line":23,"column":24}}},"3":{"name":"(anonymous_3)","line":30,"loc":{"start":{"line":30,"column":8},"end":{"line":30,"column":32}}},"4":{"name":"(anonymous_4)","line":37,"loc":{"start":{"line":37,"column":8},"end":{"line":37,"column":37}}}},"statementMap":{"1":{"start":{"line":1,"column":0},"end":{"line":1,"column":42}},"2":{"start":{"line":2,"column":0},"end":{"line":2,"column":24}},"3":{"start":{"line":3,"column":0},"end":{"line":3,"column":36}},"4":{"start":{"line":4,"column":0},"end":{"line":4,"column":40}},"5":{"start":{"line":5,"column":0},"end":{"line":5,"column":49}},"6":{"start":{"line":8,"column":0},"end":{"line":8,"column":29}},"7":{"start":{"line":12,"column":0},"end":{"line":17,"column":3}},"8":{"start":{"line":16,"column":2},"end":{"line":16,"column":27}},"9":{"start":{"line":21,"column":0},"end":{"line":26,"column":3}},"10":{"start":{"line":24,"column":2},"end":{"line":24,"column":31}},"11":{"start":{"line":25,"column":2},"end":{"line":25,"column":39}},"12":{"start":{"line":30,"column":0},"end":{"line":33,"column":3}},"13":{"start":{"line":31,"column":2},"end":{"line":31,"column":35}},"14":{"start":{"line":32,"column":2},"end":{"line":32,"column":9}},"15":{"start":{"line":37,"column":0},"end":{"line":57,"column":3}},"16":{"start":{"line":38,"column":2},"end":{"line":38,"column":21}},"17":{"start":{"line":39,"column":2},"end":{"line":39,"column":18}},"18":{"start":{"line":42,"column":2},"end":{"line":48,"column":3}},"19":{"start":{"line":43,"column":4},"end":{"line":43,"column":26}},"20":{"start":{"line":44,"column":4},"end":{"line":47,"column":6}},"21":{"start":{"line":50,"column":2},"end":{"line":55,"column":3}},"22":{"start":{"line":51,"column":4},"end":{"line":51,"column":28}},"23":{"start":{"line":52,"column":4},"end":{"line":52,"column":26}},"24":{"start":{"line":54,"column":4},"end":{"line":54,"column":57}},"25":{"start":{"line":60,"column":0},"end":{"line":60,"column":17}},"26":{"start":{"line":62,"column":0},"end":{"line":62,"column":27}}},"branchMap":{"1":{"line":42,"type":"if","locations":[{"start":{"line":42,"column":2},"end":{"line":42,"column":2}},{"start":{"line":42,"column":2},"end":{"line":42,"column":2}}]},"2":{"line":50,"type":"if","locations":[{"start":{"line":50,"column":2},"end":{"line":50,"column":2}},{"start":{"line":50,"column":2},"end":{"line":50,"column":2}}]}}},"/Users/Aaron/Documents/Code/epa-rfi-backend/src/Errors/HttpError.js":{"path":"/Users/Aaron/Documents/Code/epa-rfi-backend/src/Errors/HttpError.js","s":{"1":1,"2":0,"3":0,"4":0,"5":0,"6":1},"b":{},"f":{"1":0},"fnMap":{"1":{"name":"HttpError","line":1,"loc":{"start":{"line":1,"column":0},"end":{"line":1,"column":28}}}},"statementMap":{"1":{"start":{"line":1,"column":0},"end":{"line":8,"column":1}},"2":{"start":{"line":3,"column":4},"end":{"line":3,"column":28}},"3":{"start":{"line":4,"column":4},"end":{"line":4,"column":27}},"4":{"start":{"line":5,"column":4},"end":{"line":5,"column":37}},"5":{"start":{"line":7,"column":4},"end":{"line":7,"column":24}},"6":{"start":{"line":10,"column":0},"end":{"line":10,"column":27}}},"branchMap":{}},"/Users/Aaron/Documents/Code/epa-rfi-backend/src/Middleware/LimitMaximum.js":{"path":"/Users/Aaron/Documents/Code/epa-rfi-backend/src/Middleware/LimitMaximum.js","s":{"1":1,"2":1,"3":23,"4":23,"5":8,"6":23},"b":{"1":[23,23],"2":[8,15]},"f":{"1":23},"fnMap":{"1":{"name":"(anonymous_1)","line":3,"loc":{"start":{"line":3,"column":17},"end":{"line":3,"column":41}}}},"statementMap":{"1":{"start":{"line":1,"column":0},"end":{"line":1,"column":43}},"2":{"start":{"line":3,"column":0},"end":{"line":11,"column":1}},"3":{"start":{"line":4,"column":2},"end":{"line":4,"column":48}},"4":{"start":{"line":6,"column":2},"end":{"line":8,"column":3}},"5":{"start":{"line":7,"column":4},"end":{"line":7,"column":55}},"6":{"start":{"line":10,"column":2},"end":{"line":10,"column":9}}},"branchMap":{"1":{"line":4,"type":"binary-expr","locations":[{"start":{"line":4,"column":14},"end":{"line":4,"column":40}},{"start":{"line":4,"column":44},"end":{"line":4,"column":47}}]},"2":{"line":6,"type":"if","locations":[{"start":{"line":6,"column":2},"end":{"line":6,"column":2}},{"start":{"line":6,"column":2},"end":{"line":6,"column":2}}]}}},"/Users/Aaron/Documents/Code/epa-rfi-backend/src/Middleware/Cors.js":{"path":"/Users/Aaron/Documents/Code/epa-rfi-backend/src/Middleware/Cors.js","s":{"1":1,"2":23,"3":23,"4":23,"5":23,"6":0,"7":23,"8":1},"b":{"1":[0,23]},"f":{"1":23},"fnMap":{"1":{"name":"(anonymous_1)","line":3,"loc":{"start":{"line":3,"column":17},"end":{"line":3,"column":42}}}},"statementMap":{"1":{"start":{"line":3,"column":0},"end":{"line":15,"column":2}},"2":{"start":{"line":4,"column":4},"end":{"line":4,"column":51}},"3":{"start":{"line":5,"column":4},"end":{"line":5,"column":84}},"4":{"start":{"line":6,"column":4},"end":{"line":6,"column":157}},"5":{"start":{"line":9,"column":4},"end":{"line":14,"column":5}},"6":{"start":{"line":10,"column":6},"end":{"line":10,"column":20}},"7":{"start":{"line":13,"column":6},"end":{"line":13,"column":13}},"8":{"start":{"line":17,"column":0},"end":{"line":17,"column":28}}},"branchMap":{"1":{"line":9,"type":"if","locations":[{"start":{"line":9,"column":4},"end":{"line":9,"column":4}},{"start":{"line":9,"column":4},"end":{"line":9,"column":4}}]}}},"/Users/Aaron/Documents/Code/epa-rfi-backend/src/Epa/EpaServiceProvider.js":{"path":"/Users/Aaron/Documents/Code/epa-rfi-backend/src/Epa/EpaServiceProvider.js","s":{"1":1,"2":1,"3":1,"4":1,"5":1,"6":1,"7":1,"8":1,"9":1,"10":1,"11":1,"12":1,"13":1,"14":1,"15":1,"16":0,"17":0,"18":1,"19":1,"20":0,"21":0,"22":1,"23":1,"24":2,"25":2,"26":2,"27":2,"28":1,"29":1,"30":1,"31":1,"32":1,"33":1,"34":1,"35":1,"36":1,"37":1,"38":1,"39":1,"40":1,"41":1},"b":{},"f":{"1":1,"2":1,"3":1,"4":1,"5":1,"6":0,"7":1,"8":0,"9":1,"10":2,"11":1,"12":1,"13":1},"fnMap":{"1":{"name":"EpaServiceProvider","line":1,"loc":{"start":{"line":1,"column":0},"end":{"line":1,"column":29}}},"2":{"name":"(anonymous_2)","line":3,"loc":{"start":{"line":3,"column":18},"end":{"line":3,"column":37}}},"3":{"name":"(anonymous_3)","line":14,"loc":{"start":{"line":14,"column":31},"end":{"line":14,"column":50}}},"4":{"name":"(anonymous_4)","line":15,"loc":{"start":{"line":15,"column":35},"end":{"line":15,"column":54}}},"5":{"name":"(anonymous_5)","line":23,"loc":{"start":{"line":23,"column":27},"end":{"line":23,"column":46}}},"6":{"name":"(anonymous_6)","line":24,"loc":{"start":{"line":24,"column":32},"end":{"line":24,"column":42}}},"7":{"name":"(anonymous_7)","line":31,"loc":{"start":{"line":31,"column":29},"end":{"line":31,"column":48}}},"8":{"name":"(anonymous_8)","line":32,"loc":{"start":{"line":32,"column":37},"end":{"line":32,"column":47}}},"9":{"name":"(anonymous_9)","line":39,"loc":{"start":{"line":39,"column":28},"end":{"line":39,"column":47}}},"10":{"name":"(anonymous_10)","line":40,"loc":{"start":{"line":40,"column":36},"end":{"line":40,"column":46}}},"11":{"name":"(anonymous_11)","line":49,"loc":{"start":{"line":49,"column":38},"end":{"line":49,"column":57}}},"12":{"name":"(anonymous_12)","line":50,"loc":{"start":{"line":50,"column":43},"end":{"line":50,"column":53}}},"13":{"name":"(anonymous_13)","line":58,"loc":{"start":{"line":58,"column":24},"end":{"line":58,"column":43}}}},"statementMap":{"1":{"start":{"line":1,"column":0},"end":{"line":75,"column":1}},"2":{"start":{"line":3,"column":2},"end":{"line":11,"column":3}},"3":{"start":{"line":4,"column":4},"end":{"line":4,"column":38}},"4":{"start":{"line":5,"column":4},"end":{"line":5,"column":34}},"5":{"start":{"line":6,"column":4},"end":{"line":6,"column":36}},"6":{"start":{"line":7,"column":4},"end":{"line":7,"column":35}},"7":{"start":{"line":8,"column":4},"end":{"line":8,"column":45}},"8":{"start":{"line":10,"column":4},"end":{"line":10,"column":31}},"9":{"start":{"line":14,"column":2},"end":{"line":20,"column":3}},"10":{"start":{"line":15,"column":4},"end":{"line":19,"column":7}},"11":{"start":{"line":16,"column":6},"end":{"line":16,"column":51}},"12":{"start":{"line":17,"column":6},"end":{"line":17,"column":47}},"13":{"start":{"line":18,"column":6},"end":{"line":18,"column":57}},"14":{"start":{"line":23,"column":2},"end":{"line":28,"column":3}},"15":{"start":{"line":24,"column":4},"end":{"line":27,"column":7}},"16":{"start":{"line":25,"column":6},"end":{"line":25,"column":53}},"17":{"start":{"line":26,"column":6},"end":{"line":26,"column":68}},"18":{"start":{"line":31,"column":2},"end":{"line":36,"column":3}},"19":{"start":{"line":32,"column":4},"end":{"line":35,"column":7}},"20":{"start":{"line":33,"column":6},"end":{"line":33,"column":53}},"21":{"start":{"line":34,"column":6},"end":{"line":34,"column":54}},"22":{"start":{"line":39,"column":2},"end":{"line":46,"column":3}},"23":{"start":{"line":40,"column":4},"end":{"line":45,"column":7}},"24":{"start":{"line":41,"column":6},"end":{"line":41,"column":53}},"25":{"start":{"line":42,"column":6},"end":{"line":42,"column":36}},"26":{"start":{"line":43,"column":6},"end":{"line":43,"column":53}},"27":{"start":{"line":44,"column":6},"end":{"line":44,"column":52}},"28":{"start":{"line":49,"column":2},"end":{"line":54,"column":3}},"29":{"start":{"line":50,"column":4},"end":{"line":53,"column":7}},"30":{"start":{"line":51,"column":6},"end":{"line":51,"column":53}},"31":{"start":{"line":52,"column":6},"end":{"line":52,"column":60}},"32":{"start":{"line":58,"column":2},"end":{"line":69,"column":3}},"33":{"start":{"line":59,"column":4},"end":{"line":59,"column":28}},"34":{"start":{"line":60,"column":4},"end":{"line":60,"column":34}},"35":{"start":{"line":62,"column":4},"end":{"line":62,"column":40}},"36":{"start":{"line":63,"column":4},"end":{"line":63,"column":39}},"37":{"start":{"line":64,"column":4},"end":{"line":64,"column":62}},"38":{"start":{"line":67,"column":4},"end":{"line":67,"column":40}},"39":{"start":{"line":68,"column":4},"end":{"line":68,"column":55}},"40":{"start":{"line":72,"column":2},"end":{"line":74,"column":3}},"41":{"start":{"line":77,"column":0},"end":{"line":77,"column":36}}},"branchMap":{}},"/Users/Aaron/Documents/Code/epa-rfi-backend/src/Epa/EpaRepository.js":{"path":"/Users/Aaron/Documents/Code/epa-rfi-backend/src/Epa/EpaRepository.js","s":{"1":1,"2":1,"3":2,"4":2,"5":2,"6":2,"7":2,"8":2,"9":0,"10":0,"11":0,"12":0,"13":2,"14":8,"15":8,"16":6,"17":0,"18":2,"19":8,"20":8,"21":8,"22":8,"23":8,"24":81346,"25":8,"26":8,"27":8,"28":8,"29":8,"30":8,"31":8,"32":8,"33":70,"34":8,"35":8,"36":70,"37":70,"38":31,"39":39,"40":39,"41":8,"42":2,"43":2,"44":2,"45":2,"46":1,"47":1,"48":1,"49":2,"50":2,"51":13,"52":13,"53":13,"54":13,"55":13,"56":312,"57":13,"58":2,"59":4,"60":4,"61":4,"62":2,"63":2,"64":2,"65":4,"66":2,"67":2,"68":2,"69":2,"70":2,"71":4,"72":2,"73":2,"74":1,"75":2,"76":2,"77":2,"78":107,"79":107,"80":107,"81":107,"82":107,"83":214,"84":107,"85":2,"86":2,"87":2,"88":2,"89":2,"90":2,"91":2,"92":2,"93":2,"94":2,"95":1,"96":1,"97":1},"b":{"1":[0,0],"2":[6,2],"3":[8,0],"4":[8,3],"5":[8,8],"6":[8,0],"7":[31,39],"8":[31,39],"9":[2,0],"10":[1,1],"11":[13,0],"12":[4,0],"13":[2,2],"14":[2,0],"15":[2,0],"16":[1,1],"17":[107,0],"18":[2,0]},"f":{"1":2,"2":0,"3":0,"4":8,"5":0,"6":8,"7":81346,"8":8,"9":70,"10":70,"11":2,"12":2,"13":13,"14":13,"15":312,"16":4,"17":4,"18":2,"19":4,"20":2,"21":107,"22":214,"23":2,"24":2},"fnMap":{"1":{"name":"EpaRepository","line":3,"loc":{"start":{"line":3,"column":0},"end":{"line":3,"column":43}}},"2":{"name":"(anonymous_2)","line":12,"loc":{"start":{"line":12,"column":14},"end":{"line":12,"column":41}}},"3":{"name":"(anonymous_3)","line":17,"loc":{"start":{"line":17,"column":7},"end":{"line":17,"column":30}}},"4":{"name":"(anonymous_4)","line":26,"loc":{"start":{"line":26,"column":23},"end":{"line":26,"column":50}}},"5":{"name":"(anonymous_5)","line":30,"loc":{"start":{"line":30,"column":31},"end":{"line":30,"column":46}}},"6":{"name":"(anonymous_6)","line":50,"loc":{"start":{"line":50,"column":7},"end":{"line":50,"column":30}}},"7":{"name":"(anonymous_7)","line":54,"loc":{"start":{"line":54,"column":64},"end":{"line":54,"column":80}}},"8":{"name":"(anonymous_8)","line":78,"loc":{"start":{"line":78,"column":11},"end":{"line":78,"column":37}}},"9":{"name":"(anonymous_9)","line":83,"loc":{"start":{"line":83,"column":45},"end":{"line":83,"column":58}}},"10":{"name":"(anonymous_10)","line":88,"loc":{"start":{"line":88,"column":31},"end":{"line":88,"column":49}}},"11":{"name":"(anonymous_11)","line":106,"loc":{"start":{"line":106,"column":26},"end":{"line":106,"column":66}}},"12":{"name":"(anonymous_12)","line":110,"loc":{"start":{"line":110,"column":7},"end":{"line":110,"column":26}}},"13":{"name":"(anonymous_13)","line":124,"loc":{"start":{"line":124,"column":21},"end":{"line":124,"column":48}}},"14":{"name":"(anonymous_14)","line":135,"loc":{"start":{"line":135,"column":7},"end":{"line":135,"column":30}}},"15":{"name":"(anonymous_15)","line":139,"loc":{"start":{"line":139,"column":42},"end":{"line":139,"column":55}}},"16":{"name":"(anonymous_16)","line":148,"loc":{"start":{"line":148,"column":32},"end":{"line":148,"column":72}}},"17":{"name":"(anonymous_17)","line":152,"loc":{"start":{"line":152,"column":7},"end":{"line":152,"column":26}}},"18":{"name":"(anonymous_18)","line":165,"loc":{"start":{"line":165,"column":21},"end":{"line":165,"column":61}}},"19":{"name":"(anonymous_19)","line":171,"loc":{"start":{"line":171,"column":21},"end":{"line":171,"column":36}}},"20":{"name":"(anonymous_20)","line":203,"loc":{"start":{"line":203,"column":26},"end":{"line":203,"column":60}}},"21":{"name":"(anonymous_21)","line":204,"loc":{"start":{"line":204,"column":23},"end":{"line":204,"column":39}}},"22":{"name":"(anonymous_22)","line":213,"loc":{"start":{"line":213,"column":21},"end":{"line":213,"column":36}}},"23":{"name":"(anonymous_23)","line":222,"loc":{"start":{"line":222,"column":19},"end":{"line":222,"column":46}}},"24":{"name":"(anonymous_24)","line":234,"loc":{"start":{"line":234,"column":7},"end":{"line":234,"column":30}}}},"statementMap":{"1":{"start":{"line":1,"column":0},"end":{"line":1,"column":73}},"2":{"start":{"line":3,"column":0},"end":{"line":244,"column":1}},"3":{"start":{"line":5,"column":2},"end":{"line":5,"column":25}},"4":{"start":{"line":6,"column":2},"end":{"line":6,"column":24}},"5":{"start":{"line":7,"column":2},"end":{"line":7,"column":18}},"6":{"start":{"line":9,"column":2},"end":{"line":9,"column":24}},"7":{"start":{"line":10,"column":2},"end":{"line":10,"column":34}},"8":{"start":{"line":12,"column":2},"end":{"line":23,"column":3}},"9":{"start":{"line":13,"column":4},"end":{"line":22,"column":7}},"10":{"start":{"line":18,"column":6},"end":{"line":20,"column":7}},"11":{"start":{"line":19,"column":8},"end":{"line":19,"column":35}},"12":{"start":{"line":21,"column":6},"end":{"line":21,"column":29}},"13":{"start":{"line":26,"column":2},"end":{"line":103,"column":3}},"14":{"start":{"line":27,"column":4},"end":{"line":27,"column":20}},"15":{"start":{"line":29,"column":4},"end":{"line":35,"column":5}},"16":{"start":{"line":30,"column":8},"end":{"line":32,"column":11}},"17":{"start":{"line":31,"column":10},"end":{"line":31,"column":43}},"18":{"start":{"line":34,"column":6},"end":{"line":34,"column":30}},"19":{"start":{"line":37,"column":4},"end":{"line":102,"column":7}},"20":{"start":{"line":51,"column":6},"end":{"line":101,"column":7}},"21":{"start":{"line":52,"column":8},"end":{"line":52,"column":44}},"22":{"start":{"line":53,"column":8},"end":{"line":53,"column":31}},"23":{"start":{"line":54,"column":8},"end":{"line":56,"column":11}},"24":{"start":{"line":55,"column":10},"end":{"line":55,"column":28}},"25":{"start":{"line":58,"column":8},"end":{"line":58,"column":57}},"26":{"start":{"line":59,"column":8},"end":{"line":59,"column":49}},"27":{"start":{"line":60,"column":8},"end":{"line":60,"column":32}},"28":{"start":{"line":62,"column":8},"end":{"line":62,"column":63}},"29":{"start":{"line":64,"column":8},"end":{"line":100,"column":11}},"30":{"start":{"line":80,"column":10},"end":{"line":80,"column":26}},"31":{"start":{"line":81,"column":10},"end":{"line":98,"column":11}},"32":{"start":{"line":83,"column":12},"end":{"line":85,"column":15}},"33":{"start":{"line":84,"column":14},"end":{"line":84,"column":42}},"34":{"start":{"line":87,"column":12},"end":{"line":87,"column":29}},"35":{"start":{"line":88,"column":12},"end":{"line":97,"column":15}},"36":{"start":{"line":90,"column":14},"end":{"line":90,"column":76}},"37":{"start":{"line":91,"column":14},"end":{"line":96,"column":15}},"38":{"start":{"line":92,"column":16},"end":{"line":92,"column":29}},"39":{"start":{"line":94,"column":16},"end":{"line":94,"column":42}},"40":{"start":{"line":95,"column":16},"end":{"line":95,"column":28}},"41":{"start":{"line":99,"column":10},"end":{"line":99,"column":30}},"42":{"start":{"line":106,"column":2},"end":{"line":121,"column":3}},"43":{"start":{"line":107,"column":4},"end":{"line":120,"column":7}},"44":{"start":{"line":111,"column":6},"end":{"line":118,"column":7}},"45":{"start":{"line":112,"column":8},"end":{"line":117,"column":9}},"46":{"start":{"line":113,"column":10},"end":{"line":113,"column":40}},"47":{"start":{"line":114,"column":10},"end":{"line":114,"column":22}},"48":{"start":{"line":116,"column":10},"end":{"line":116,"column":25}},"49":{"start":{"line":119,"column":6},"end":{"line":119,"column":26}},"50":{"start":{"line":124,"column":2},"end":{"line":145,"column":3}},"51":{"start":{"line":125,"column":4},"end":{"line":144,"column":7}},"52":{"start":{"line":136,"column":6},"end":{"line":142,"column":7}},"53":{"start":{"line":137,"column":8},"end":{"line":137,"column":44}},"54":{"start":{"line":138,"column":8},"end":{"line":138,"column":31}},"55":{"start":{"line":139,"column":8},"end":{"line":141,"column":11}},"56":{"start":{"line":140,"column":10},"end":{"line":140,"column":29}},"57":{"start":{"line":143,"column":6},"end":{"line":143,"column":26}},"58":{"start":{"line":148,"column":2},"end":{"line":163,"column":3}},"59":{"start":{"line":149,"column":4},"end":{"line":162,"column":7}},"60":{"start":{"line":153,"column":6},"end":{"line":160,"column":7}},"61":{"start":{"line":154,"column":8},"end":{"line":159,"column":9}},"62":{"start":{"line":155,"column":10},"end":{"line":155,"column":40}},"63":{"start":{"line":156,"column":10},"end":{"line":156,"column":22}},"64":{"start":{"line":158,"column":10},"end":{"line":158,"column":25}},"65":{"start":{"line":161,"column":6},"end":{"line":161,"column":26}},"66":{"start":{"line":165,"column":2},"end":{"line":201,"column":3}},"67":{"start":{"line":166,"column":4},"end":{"line":166,"column":17}},"68":{"start":{"line":169,"column":4},"end":{"line":185,"column":5}},"69":{"start":{"line":170,"column":6},"end":{"line":170,"column":20}},"70":{"start":{"line":171,"column":6},"end":{"line":175,"column":9}},"71":{"start":{"line":172,"column":8},"end":{"line":174,"column":9}},"72":{"start":{"line":177,"column":6},"end":{"line":184,"column":8}},"73":{"start":{"line":188,"column":4},"end":{"line":198,"column":5}},"74":{"start":{"line":189,"column":6},"end":{"line":197,"column":7}},"75":{"start":{"line":200,"column":4},"end":{"line":200,"column":15}},"76":{"start":{"line":203,"column":2},"end":{"line":219,"column":3}},"77":{"start":{"line":204,"column":4},"end":{"line":218,"column":7}},"78":{"start":{"line":205,"column":6},"end":{"line":205,"column":19}},"79":{"start":{"line":207,"column":6},"end":{"line":207,"column":32}},"80":{"start":{"line":209,"column":6},"end":{"line":211,"column":7}},"81":{"start":{"line":210,"column":8},"end":{"line":210,"column":48}},"82":{"start":{"line":213,"column":6},"end":{"line":215,"column":9}},"83":{"start":{"line":214,"column":8},"end":{"line":214,"column":41}},"84":{"start":{"line":217,"column":6},"end":{"line":217,"column":17}},"85":{"start":{"line":222,"column":2},"end":{"line":242,"column":3}},"86":{"start":{"line":224,"column":4},"end":{"line":224,"column":47}},"87":{"start":{"line":225,"column":4},"end":{"line":225,"column":89}},"88":{"start":{"line":227,"column":4},"end":{"line":227,"column":43}},"89":{"start":{"line":230,"column":4},"end":{"line":241,"column":7}},"90":{"start":{"line":235,"column":6},"end":{"line":239,"column":7}},"91":{"start":{"line":236,"column":8},"end":{"line":236,"column":99}},"92":{"start":{"line":237,"column":8},"end":{"line":237,"column":36}},"93":{"start":{"line":238,"column":8},"end":{"line":238,"column":31}},"94":{"start":{"line":240,"column":6},"end":{"line":240,"column":26}},"95":{"start":{"line":246,"column":0},"end":{"line":246,"column":41}},"96":{"start":{"line":248,"column":0},"end":{"line":248,"column":42}},"97":{"start":{"line":250,"column":0},"end":{"line":250,"column":31}}},"branchMap":{"1":{"line":18,"type":"if","locations":[{"start":{"line":18,"column":6},"end":{"line":18,"column":6}},{"start":{"line":18,"column":6},"end":{"line":18,"column":6}}]},"2":{"line":29,"type":"if","locations":[{"start":{"line":29,"column":4},"end":{"line":29,"column":4}},{"start":{"line":29,"column":4},"end":{"line":29,"column":4}}]},"3":{"line":51,"type":"if","locations":[{"start":{"line":51,"column":6},"end":{"line":51,"column":6}},{"start":{"line":51,"column":6},"end":{"line":51,"column":6}}]},"4":{"line":58,"type":"binary-expr","locations":[{"start":{"line":58,"column":20},"end":{"line":58,"column":33}},{"start":{"line":58,"column":37},"end":{"line":58,"column":56}}]},"5":{"line":59,"type":"binary-expr","locations":[{"start":{"line":59,"column":29},"end":{"line":59,"column":43}},{"start":{"line":59,"column":47},"end":{"line":59,"column":48}}]},"6":{"line":81,"type":"if","locations":[{"start":{"line":81,"column":10},"end":{"line":81,"column":10}},{"start":{"line":81,"column":10},"end":{"line":81,"column":10}}]},"7":{"line":90,"type":"cond-expr","locations":[{"start":{"line":90,"column":63},"end":{"line":90,"column":67}},{"start":{"line":90,"column":70},"end":{"line":90,"column":75}}]},"8":{"line":91,"type":"if","locations":[{"start":{"line":91,"column":14},"end":{"line":91,"column":14}},{"start":{"line":91,"column":14},"end":{"line":91,"column":14}}]},"9":{"line":111,"type":"if","locations":[{"start":{"line":111,"column":6},"end":{"line":111,"column":6}},{"start":{"line":111,"column":6},"end":{"line":111,"column":6}}]},"10":{"line":112,"type":"if","locations":[{"start":{"line":112,"column":8},"end":{"line":112,"column":8}},{"start":{"line":112,"column":8},"end":{"line":112,"column":8}}]},"11":{"line":136,"type":"if","locations":[{"start":{"line":136,"column":6},"end":{"line":136,"column":6}},{"start":{"line":136,"column":6},"end":{"line":136,"column":6}}]},"12":{"line":153,"type":"if","locations":[{"start":{"line":153,"column":6},"end":{"line":153,"column":6}},{"start":{"line":153,"column":6},"end":{"line":153,"column":6}}]},"13":{"line":154,"type":"if","locations":[{"start":{"line":154,"column":8},"end":{"line":154,"column":8}},{"start":{"line":154,"column":8},"end":{"line":154,"column":8}}]},"14":{"line":169,"type":"if","locations":[{"start":{"line":169,"column":4},"end":{"line":169,"column":4}},{"start":{"line":169,"column":4},"end":{"line":169,"column":4}}]},"15":{"line":169,"type":"binary-expr","locations":[{"start":{"line":169,"column":7},"end":{"line":169,"column":20}},{"start":{"line":169,"column":24},"end":{"line":169,"column":37}}]},"16":{"line":188,"type":"if","locations":[{"start":{"line":188,"column":4},"end":{"line":188,"column":4}},{"start":{"line":188,"column":4},"end":{"line":188,"column":4}}]},"17":{"line":209,"type":"if","locations":[{"start":{"line":209,"column":6},"end":{"line":209,"column":6}},{"start":{"line":209,"column":6},"end":{"line":209,"column":6}}]},"18":{"line":235,"type":"if","locations":[{"start":{"line":235,"column":6},"end":{"line":235,"column":6}},{"start":{"line":235,"column":6},"end":{"line":235,"column":6}}]}}},"/Users/Aaron/Documents/Code/epa-rfi-backend/src/Core/Repositories/Repository.js":{"path":"/Users/Aaron/Documents/Code/epa-rfi-backend/src/Core/Repositories/Repository.js","s":{"1":1,"2":1,"3":1,"4":23,"5":23,"6":1,"7":18,"8":1},"b":{},"f":{"1":1,"2":23,"3":18},"fnMap":{"1":{"name":"Repository","line":1,"loc":{"start":{"line":1,"column":0},"end":{"line":1,"column":21}}},"2":{"name":"(anonymous_2)","line":5,"loc":{"start":{"line":5,"column":18},"end":{"line":5,"column":32}}},"3":{"name":"(anonymous_3)","line":10,"loc":{"start":{"line":10,"column":17},"end":{"line":10,"column":27}}}},"statementMap":{"1":{"start":{"line":1,"column":0},"end":{"line":13,"column":1}},"2":{"start":{"line":3,"column":2},"end":{"line":3,"column":18}},"3":{"start":{"line":5,"column":2},"end":{"line":8,"column":3}},"4":{"start":{"line":6,"column":4},"end":{"line":6,"column":22}},"5":{"start":{"line":7,"column":4},"end":{"line":7,"column":16}},"6":{"start":{"line":10,"column":2},"end":{"line":12,"column":3}},"7":{"start":{"line":11,"column":4},"end":{"line":11,"column":22}},"8":{"start":{"line":15,"column":0},"end":{"line":15,"column":28}}},"branchMap":{}},"/Users/Aaron/Documents/Code/epa-rfi-backend/src/Epa/DotObjectTransformer.js":{"path":"/Users/Aaron/Documents/Code/epa-rfi-backend/src/Epa/DotObjectTransformer.js","s":{"1":1,"2":1,"3":1,"4":107,"5":1},"b":{},"f":{"1":1,"2":107},"fnMap":{"1":{"name":"(anonymous_1)","line":3,"loc":{"start":{"line":3,"column":17},"end":{"line":3,"column":38}}},"2":{"name":"(anonymous_2)","line":5,"loc":{"start":{"line":5,"column":45},"end":{"line":5,"column":60}}}},"statementMap":{"1":{"start":{"line":1,"column":0},"end":{"line":1,"column":32}},"2":{"start":{"line":3,"column":0},"end":{"line":10,"column":1}},"3":{"start":{"line":5,"column":2},"end":{"line":7,"column":5}},"4":{"start":{"line":6,"column":4},"end":{"line":6,"column":29}},"5":{"start":{"line":9,"column":2},"end":{"line":9,"column":30}}},"branchMap":{}},"/Users/Aaron/Documents/Code/epa-rfi-backend/src/Epa/routes.js":{"path":"/Users/Aaron/Documents/Code/epa-rfi-backend/src/Epa/routes.js","s":{"1":1,"2":1,"3":19,"4":1,"5":0,"6":0,"7":1,"8":4,"9":4,"10":4,"11":0,"12":4,"13":1,"14":2,"15":2,"16":2,"17":1,"18":1,"19":1,"20":1,"21":1,"22":0,"23":1,"24":1,"25":1,"26":0,"27":1,"28":1,"29":8,"30":8,"31":8,"32":0,"33":8,"34":1,"35":4,"36":4,"37":4,"38":2,"39":2,"40":1,"41":4,"42":4,"43":8,"44":2,"45":2,"46":2,"47":1,"48":1,"49":1,"50":1,"51":0,"52":1,"53":1,"54":1,"55":1,"56":1,"57":0,"58":1,"59":1,"60":1,"61":0,"62":1,"63":1,"64":1,"65":0,"66":0,"67":0,"68":0,"69":0,"70":0,"71":0,"72":0,"73":0,"74":1},"b":{"1":[4,15],"2":[4,1],"3":[4,4],"4":[0,4],"5":[1,1],"6":[0,1],"7":[1,1],"8":[1,1],"9":[0,1],"10":[8,5],"11":[8,8],"12":[0,8],"13":[2,2],"14":[2,6],"15":[8,7],"16":[1,0],"17":[1,1],"18":[0,1],"19":[0,1],"20":[1,0],"21":[1,1],"22":[0,1],"23":[0,0]},"f":{"1":1,"2":19,"3":0,"4":4,"5":4,"6":2,"7":2,"8":1,"9":1,"10":8,"11":8,"12":4,"13":4,"14":4,"15":1,"16":1,"17":1,"18":1,"19":0,"20":0,"21":0},"fnMap":{"1":{"name":"(anonymous_1)","line":1,"loc":{"start":{"line":1,"column":17},"end":{"line":1,"column":69}}},"2":{"name":"getFields","line":3,"loc":{"start":{"line":3,"column":2},"end":{"line":3,"column":25}}},"3":{"name":"(anonymous_3)","line":9,"loc":{"start":{"line":9,"column":31},"end":{"line":9,"column":49}}},"4":{"name":"(anonymous_4)","line":15,"loc":{"start":{"line":15,"column":29},"end":{"line":15,"column":47}}},"5":{"name":"(anonymous_5)","line":23,"loc":{"start":{"line":23,"column":32},"end":{"line":23,"column":51}}},"6":{"name":"(anonymous_6)","line":33,"loc":{"start":{"line":33,"column":42},"end":{"line":33,"column":60}}},"7":{"name":"(anonymous_7)","line":38,"loc":{"start":{"line":38,"column":59},"end":{"line":38,"column":78}}},"8":{"name":"(anonymous_8)","line":48,"loc":{"start":{"line":48,"column":51},"end":{"line":48,"column":69}}},"9":{"name":"(anonymous_9)","line":62,"loc":{"start":{"line":62,"column":30},"end":{"line":62,"column":49}}},"10":{"name":"(anonymous_10)","line":73,"loc":{"start":{"line":73,"column":27},"end":{"line":73,"column":51}}},"11":{"name":"(anonymous_11)","line":81,"loc":{"start":{"line":81,"column":30},"end":{"line":81,"column":49}}},"12":{"name":"(anonymous_12)","line":91,"loc":{"start":{"line":91,"column":44},"end":{"line":91,"column":62}}},"13":{"name":"(anonymous_13)","line":96,"loc":{"start":{"line":96,"column":69},"end":{"line":96,"column":88}}},"14":{"name":"(anonymous_14)","line":107,"loc":{"start":{"line":107,"column":27},"end":{"line":107,"column":51}}},"15":{"name":"(anonymous_15)","line":121,"loc":{"start":{"line":121,"column":26},"end":{"line":121,"column":44}}},"16":{"name":"(anonymous_16)","line":131,"loc":{"start":{"line":131,"column":28},"end":{"line":131,"column":47}}},"17":{"name":"(anonymous_17)","line":142,"loc":{"start":{"line":142,"column":36},"end":{"line":142,"column":54}}},"18":{"name":"(anonymous_18)","line":158,"loc":{"start":{"line":158,"column":28},"end":{"line":158,"column":47}}},"19":{"name":"(anonymous_19)","line":171,"loc":{"start":{"line":171,"column":32},"end":{"line":171,"column":50}}},"20":{"name":"(anonymous_20)","line":187,"loc":{"start":{"line":187,"column":7},"end":{"line":187,"column":30}}},"21":{"name":"(anonymous_21)","line":189,"loc":{"start":{"line":189,"column":42},"end":{"line":189,"column":55}}}},"statementMap":{"1":{"start":{"line":1,"column":0},"end":{"line":246,"column":1}},"2":{"start":{"line":3,"column":2},"end":{"line":5,"column":3}},"3":{"start":{"line":4,"column":4},"end":{"line":4,"column":63}},"4":{"start":{"line":9,"column":2},"end":{"line":12,"column":5}},"5":{"start":{"line":10,"column":4},"end":{"line":10,"column":60}},"6":{"start":{"line":11,"column":4},"end":{"line":11,"column":22}},"7":{"start":{"line":15,"column":2},"end":{"line":30,"column":5}},"8":{"start":{"line":16,"column":4},"end":{"line":21,"column":6}},"9":{"start":{"line":23,"column":4},"end":{"line":29,"column":7}},"10":{"start":{"line":24,"column":6},"end":{"line":28,"column":7}},"11":{"start":{"line":25,"column":8},"end":{"line":25,"column":43}},"12":{"start":{"line":27,"column":8},"end":{"line":27,"column":63}},"13":{"start":{"line":33,"column":2},"end":{"line":45,"column":5}},"14":{"start":{"line":34,"column":4},"end":{"line":36,"column":6}},"15":{"start":{"line":38,"column":4},"end":{"line":44,"column":7}},"16":{"start":{"line":39,"column":6},"end":{"line":43,"column":7}},"17":{"start":{"line":40,"column":8},"end":{"line":40,"column":41}},"18":{"start":{"line":42,"column":8},"end":{"line":42,"column":63}},"19":{"start":{"line":48,"column":2},"end":{"line":69,"column":5}},"20":{"start":{"line":49,"column":4},"end":{"line":49,"column":58}},"21":{"start":{"line":51,"column":4},"end":{"line":53,"column":5}},"22":{"start":{"line":52,"column":6},"end":{"line":52,"column":45}},"23":{"start":{"line":55,"column":4},"end":{"line":60,"column":6}},"24":{"start":{"line":62,"column":4},"end":{"line":68,"column":7}},"25":{"start":{"line":63,"column":6},"end":{"line":67,"column":7}},"26":{"start":{"line":64,"column":8},"end":{"line":64,"column":41}},"27":{"start":{"line":66,"column":8},"end":{"line":66,"column":63}},"28":{"start":{"line":73,"column":2},"end":{"line":88,"column":5}},"29":{"start":{"line":74,"column":4},"end":{"line":79,"column":6}},"30":{"start":{"line":81,"column":4},"end":{"line":87,"column":7}},"31":{"start":{"line":82,"column":6},"end":{"line":86,"column":7}},"32":{"start":{"line":83,"column":8},"end":{"line":83,"column":43}},"33":{"start":{"line":85,"column":8},"end":{"line":85,"column":63}},"34":{"start":{"line":91,"column":2},"end":{"line":103,"column":5}},"35":{"start":{"line":92,"column":4},"end":{"line":94,"column":6}},"36":{"start":{"line":96,"column":4},"end":{"line":102,"column":7}},"37":{"start":{"line":97,"column":6},"end":{"line":101,"column":7}},"38":{"start":{"line":98,"column":8},"end":{"line":98,"column":41}},"39":{"start":{"line":100,"column":8},"end":{"line":100,"column":63}},"40":{"start":{"line":107,"column":2},"end":{"line":118,"column":5}},"41":{"start":{"line":108,"column":4},"end":{"line":108,"column":59}},"42":{"start":{"line":110,"column":4},"end":{"line":115,"column":5}},"43":{"start":{"line":111,"column":6},"end":{"line":114,"column":7}},"44":{"start":{"line":112,"column":8},"end":{"line":112,"column":116}},"45":{"start":{"line":113,"column":8},"end":{"line":113,"column":15}},"46":{"start":{"line":117,"column":4},"end":{"line":117,"column":11}},"47":{"start":{"line":121,"column":2},"end":{"line":139,"column":5}},"48":{"start":{"line":122,"column":4},"end":{"line":129,"column":5}},"49":{"start":{"line":131,"column":4},"end":{"line":138,"column":7}},"50":{"start":{"line":132,"column":6},"end":{"line":137,"column":7}},"51":{"start":{"line":133,"column":8},"end":{"line":133,"column":41}},"52":{"start":{"line":135,"column":8},"end":{"line":135,"column":47}},"53":{"start":{"line":136,"column":8},"end":{"line":136,"column":63}},"54":{"start":{"line":142,"column":2},"end":{"line":167,"column":5}},"55":{"start":{"line":143,"column":4},"end":{"line":143,"column":56}},"56":{"start":{"line":145,"column":4},"end":{"line":147,"column":5}},"57":{"start":{"line":146,"column":6},"end":{"line":146,"column":45}},"58":{"start":{"line":149,"column":4},"end":{"line":156,"column":5}},"59":{"start":{"line":158,"column":4},"end":{"line":165,"column":7}},"60":{"start":{"line":159,"column":6},"end":{"line":164,"column":7}},"61":{"start":{"line":160,"column":8},"end":{"line":160,"column":41}},"62":{"start":{"line":162,"column":8},"end":{"line":162,"column":47}},"63":{"start":{"line":163,"column":8},"end":{"line":163,"column":63}},"64":{"start":{"line":171,"column":2},"end":{"line":198,"column":5}},"65":{"start":{"line":172,"column":4},"end":{"line":172,"column":30}},"66":{"start":{"line":173,"column":4},"end":{"line":173,"column":34}},"67":{"start":{"line":174,"column":4},"end":{"line":174,"column":34}},"68":{"start":{"line":176,"column":4},"end":{"line":197,"column":7}},"69":{"start":{"line":188,"column":6},"end":{"line":196,"column":7}},"70":{"start":{"line":189,"column":8},"end":{"line":191,"column":11}},"71":{"start":{"line":190,"column":10},"end":{"line":190,"column":51}},"72":{"start":{"line":192,"column":8},"end":{"line":192,"column":39}},"73":{"start":{"line":195,"column":8},"end":{"line":195,"column":52}},"74":{"start":{"line":245,"column":2},"end":{"line":245,"column":13}}},"branchMap":{"1":{"line":4,"type":"cond-expr","locations":[{"start":{"line":4,"column":30},"end":{"line":4,"column":57}},{"start":{"line":4,"column":60},"end":{"line":4,"column":62}}]},"2":{"line":18,"type":"binary-expr","locations":[{"start":{"line":18,"column":13},"end":{"line":18,"column":38}},{"start":{"line":18,"column":42},"end":{"line":18,"column":44}}]},"3":{"line":19,"type":"binary-expr","locations":[{"start":{"line":19,"column":14},"end":{"line":19,"column":40}},{"start":{"line":19,"column":44},"end":{"line":19,"column":45}}]},"4":{"line":24,"type":"if","locations":[{"start":{"line":24,"column":6},"end":{"line":24,"column":6}},{"start":{"line":24,"column":6},"end":{"line":24,"column":6}}]},"5":{"line":39,"type":"if","locations":[{"start":{"line":39,"column":6},"end":{"line":39,"column":6}},{"start":{"line":39,"column":6},"end":{"line":39,"column":6}}]},"6":{"line":51,"type":"if","locations":[{"start":{"line":51,"column":4},"end":{"line":51,"column":4}},{"start":{"line":51,"column":4},"end":{"line":51,"column":4}}]},"7":{"line":57,"type":"binary-expr","locations":[{"start":{"line":57,"column":13},"end":{"line":57,"column":38}},{"start":{"line":57,"column":42},"end":{"line":57,"column":44}}]},"8":{"line":58,"type":"binary-expr","locations":[{"start":{"line":58,"column":14},"end":{"line":58,"column":40}},{"start":{"line":58,"column":44},"end":{"line":58,"column":45}}]},"9":{"line":63,"type":"if","locations":[{"start":{"line":63,"column":6},"end":{"line":63,"column":6}},{"start":{"line":63,"column":6},"end":{"line":63,"column":6}}]},"10":{"line":76,"type":"binary-expr","locations":[{"start":{"line":76,"column":13},"end":{"line":76,"column":38}},{"start":{"line":76,"column":42},"end":{"line":76,"column":44}}]},"11":{"line":77,"type":"binary-expr","locations":[{"start":{"line":77,"column":14},"end":{"line":77,"column":40}},{"start":{"line":77,"column":44},"end":{"line":77,"column":45}}]},"12":{"line":82,"type":"if","locations":[{"start":{"line":82,"column":6},"end":{"line":82,"column":6}},{"start":{"line":82,"column":6},"end":{"line":82,"column":6}}]},"13":{"line":97,"type":"if","locations":[{"start":{"line":97,"column":6},"end":{"line":97,"column":6}},{"start":{"line":97,"column":6},"end":{"line":97,"column":6}}]},"14":{"line":111,"type":"if","locations":[{"start":{"line":111,"column":6},"end":{"line":111,"column":6}},{"start":{"line":111,"column":6},"end":{"line":111,"column":6}}]},"15":{"line":111,"type":"binary-expr","locations":[{"start":{"line":111,"column":9},"end":{"line":111,"column":49}},{"start":{"line":111,"column":53},"end":{"line":111,"column":82}}]},"16":{"line":127,"type":"binary-expr","locations":[{"start":{"line":127,"column":13},"end":{"line":127,"column":38}},{"start":{"line":127,"column":42},"end":{"line":127,"column":44}}]},"17":{"line":128,"type":"binary-expr","locations":[{"start":{"line":128,"column":14},"end":{"line":128,"column":40}},{"start":{"line":128,"column":44},"end":{"line":128,"column":45}}]},"18":{"line":132,"type":"if","locations":[{"start":{"line":132,"column":6},"end":{"line":132,"column":6}},{"start":{"line":132,"column":6},"end":{"line":132,"column":6}}]},"19":{"line":145,"type":"if","locations":[{"start":{"line":145,"column":4},"end":{"line":145,"column":4}},{"start":{"line":145,"column":4},"end":{"line":145,"column":4}}]},"20":{"line":154,"type":"binary-expr","locations":[{"start":{"line":154,"column":13},"end":{"line":154,"column":38}},{"start":{"line":154,"column":42},"end":{"line":154,"column":44}}]},"21":{"line":155,"type":"binary-expr","locations":[{"start":{"line":155,"column":14},"end":{"line":155,"column":40}},{"start":{"line":155,"column":44},"end":{"line":155,"column":45}}]},"22":{"line":159,"type":"if","locations":[{"start":{"line":159,"column":6},"end":{"line":159,"column":6}},{"start":{"line":159,"column":6},"end":{"line":159,"column":6}}]},"23":{"line":188,"type":"if","locations":[{"start":{"line":188,"column":6},"end":{"line":188,"column":6}},{"start":{"line":188,"column":6},"end":{"line":188,"column":6}}]}}},"/Users/Aaron/Documents/Code/epa-rfi-backend/spec/Middleware/FieldLimitingSpec.js":{"path":"/Users/Aaron/Documents/Code/epa-rfi-backend/spec/Middleware/FieldLimitingSpec.js","s":{"1":1,"2":1,"3":1,"4":1,"5":1,"6":1,"7":1,"8":1,"9":1,"10":1,"11":1,"12":1,"13":1,"14":1,"15":1,"16":1,"17":1,"18":1,"19":1,"20":1,"21":1,"22":1,"23":1,"24":1,"25":1,"26":1,"27":1,"28":1,"29":1,"30":1},"b":{},"f":{"1":1,"2":1,"3":1,"4":1,"5":1,"6":1,"7":1,"8":1,"9":1,"10":1},"fnMap":{"1":{"name":"(anonymous_1)","line":5,"loc":{"start":{"line":5,"column":41},"end":{"line":5,"column":51}}},"2":{"name":"(anonymous_2)","line":7,"loc":{"start":{"line":7,"column":59},"end":{"line":7,"column":73}}},"3":{"name":"(anonymous_3)","line":12,"loc":{"start":{"line":12,"column":11},"end":{"line":12,"column":29}}},"4":{"name":"(anonymous_4)","line":21,"loc":{"start":{"line":21,"column":77},"end":{"line":21,"column":91}}},"5":{"name":"(anonymous_5)","line":26,"loc":{"start":{"line":26,"column":11},"end":{"line":26,"column":29}}},"6":{"name":"(anonymous_6)","line":32,"loc":{"start":{"line":32,"column":15},"end":{"line":32,"column":33}}},"7":{"name":"(anonymous_7)","line":42,"loc":{"start":{"line":42,"column":74},"end":{"line":42,"column":88}}},"8":{"name":"(anonymous_8)","line":47,"loc":{"start":{"line":47,"column":11},"end":{"line":47,"column":29}}},"9":{"name":"(anonymous_9)","line":58,"loc":{"start":{"line":58,"column":91},"end":{"line":58,"column":105}}},"10":{"name":"(anonymous_10)","line":63,"loc":{"start":{"line":63,"column":11},"end":{"line":63,"column":29}}}},"statementMap":{"1":{"start":{"line":1,"column":0},"end":{"line":1,"column":35}},"2":{"start":{"line":2,"column":0},"end":{"line":2,"column":44}},"3":{"start":{"line":3,"column":0},"end":{"line":3,"column":24}},"4":{"start":{"line":5,"column":0},"end":{"line":68,"column":3}},"5":{"start":{"line":7,"column":2},"end":{"line":18,"column":5}},"6":{"start":{"line":8,"column":4},"end":{"line":17,"column":9}},"7":{"start":{"line":13,"column":8},"end":{"line":13,"column":39}},"8":{"start":{"line":14,"column":8},"end":{"line":14,"column":73}},"9":{"start":{"line":15,"column":8},"end":{"line":15,"column":87}},"10":{"start":{"line":16,"column":8},"end":{"line":16,"column":15}},"11":{"start":{"line":21,"column":2},"end":{"line":39,"column":5}},"12":{"start":{"line":22,"column":4},"end":{"line":38,"column":9}},"13":{"start":{"line":27,"column":8},"end":{"line":27,"column":69}},"14":{"start":{"line":28,"column":8},"end":{"line":37,"column":13}},"15":{"start":{"line":33,"column":12},"end":{"line":33,"column":40}},"16":{"start":{"line":34,"column":12},"end":{"line":34,"column":77}},"17":{"start":{"line":35,"column":12},"end":{"line":35,"column":91}},"18":{"start":{"line":36,"column":12},"end":{"line":36,"column":19}},"19":{"start":{"line":42,"column":2},"end":{"line":55,"column":5}},"20":{"start":{"line":43,"column":4},"end":{"line":54,"column":9}},"21":{"start":{"line":48,"column":8},"end":{"line":48,"column":39}},"22":{"start":{"line":49,"column":8},"end":{"line":49,"column":73}},"23":{"start":{"line":50,"column":8},"end":{"line":50,"column":79}},"24":{"start":{"line":51,"column":8},"end":{"line":51,"column":69}},"25":{"start":{"line":52,"column":8},"end":{"line":52,"column":87}},"26":{"start":{"line":53,"column":8},"end":{"line":53,"column":15}},"27":{"start":{"line":58,"column":2},"end":{"line":67,"column":5}},"28":{"start":{"line":59,"column":4},"end":{"line":66,"column":9}},"29":{"start":{"line":64,"column":8},"end":{"line":64,"column":71}},"30":{"start":{"line":65,"column":8},"end":{"line":65,"column":15}}},"branchMap":{}},"/Users/Aaron/Documents/Code/epa-rfi-backend/spec/Routes/FacilitiesSpec.js":{"path":"/Users/Aaron/Documents/Code/epa-rfi-backend/spec/Routes/FacilitiesSpec.js","s":{"1":1,"2":1,"3":1,"4":1,"5":1,"6":1,"7":1,"8":1,"9":1,"10":1,"11":1,"12":1,"13":1,"14":1,"15":1,"16":1,"17":1,"18":1,"19":1,"20":1,"21":1,"22":1,"23":1,"24":1,"25":25,"26":1,"27":1,"28":1,"29":1,"30":1,"31":9,"32":1,"33":1,"34":1,"35":1,"36":1},"b":{},"f":{"1":1,"2":1,"3":1,"4":1,"5":1,"6":1,"7":1,"8":1,"9":1,"10":25,"11":1,"12":1,"13":9,"14":1,"15":1},"fnMap":{"1":{"name":"(anonymous_1)","line":7,"loc":{"start":{"line":7,"column":27},"end":{"line":7,"column":37}}},"2":{"name":"(anonymous_2)","line":9,"loc":{"start":{"line":9,"column":28},"end":{"line":9,"column":42}}},"3":{"name":"(anonymous_3)","line":14,"loc":{"start":{"line":14,"column":11},"end":{"line":14,"column":29}}},"4":{"name":"(anonymous_4)","line":24,"loc":{"start":{"line":24,"column":41},"end":{"line":24,"column":55}}},"5":{"name":"(anonymous_5)","line":29,"loc":{"start":{"line":29,"column":11},"end":{"line":29,"column":29}}},"6":{"name":"(anonymous_6)","line":35,"loc":{"start":{"line":35,"column":15},"end":{"line":35,"column":33}}},"7":{"name":"(anonymous_7)","line":43,"loc":{"start":{"line":43,"column":50},"end":{"line":43,"column":64}}},"8":{"name":"(anonymous_8)","line":48,"loc":{"start":{"line":48,"column":11},"end":{"line":48,"column":29}}},"9":{"name":"(anonymous_9)","line":54,"loc":{"start":{"line":54,"column":15},"end":{"line":54,"column":33}}},"10":{"name":"(anonymous_10)","line":57,"loc":{"start":{"line":57,"column":29},"end":{"line":57,"column":46}}},"11":{"name":"(anonymous_11)","line":66,"loc":{"start":{"line":66,"column":62},"end":{"line":66,"column":76}}},"12":{"name":"(anonymous_12)","line":71,"loc":{"start":{"line":71,"column":11},"end":{"line":71,"column":29}}},"13":{"name":"(anonymous_13)","line":73,"loc":{"start":{"line":73,"column":27},"end":{"line":73,"column":45}}},"14":{"name":"(anonymous_14)","line":81,"loc":{"start":{"line":81,"column":59},"end":{"line":81,"column":73}}},"15":{"name":"(anonymous_15)","line":86,"loc":{"start":{"line":86,"column":11},"end":{"line":86,"column":29}}}},"statementMap":{"1":{"start":{"line":2,"column":0},"end":{"line":2,"column":35}},"2":{"start":{"line":3,"column":0},"end":{"line":3,"column":44}},"3":{"start":{"line":4,"column":0},"end":{"line":4,"column":24}},"4":{"start":{"line":7,"column":0},"end":{"line":92,"column":3}},"5":{"start":{"line":9,"column":2},"end":{"line":21,"column":5}},"6":{"start":{"line":10,"column":4},"end":{"line":20,"column":9}},"7":{"start":{"line":15,"column":8},"end":{"line":15,"column":40}},"8":{"start":{"line":16,"column":8},"end":{"line":16,"column":60}},"9":{"start":{"line":17,"column":8},"end":{"line":17,"column":65}},"10":{"start":{"line":18,"column":8},"end":{"line":18,"column":48}},"11":{"start":{"line":19,"column":8},"end":{"line":19,"column":15}},"12":{"start":{"line":24,"column":2},"end":{"line":40,"column":5}},"13":{"start":{"line":25,"column":4},"end":{"line":39,"column":9}},"14":{"start":{"line":30,"column":8},"end":{"line":30,"column":40}},"15":{"start":{"line":31,"column":8},"end":{"line":38,"column":13}},"16":{"start":{"line":36,"column":12},"end":{"line":36,"column":58}},"17":{"start":{"line":37,"column":12},"end":{"line":37,"column":19}},"18":{"start":{"line":43,"column":2},"end":{"line":63,"column":5}},"19":{"start":{"line":44,"column":4},"end":{"line":62,"column":9}},"20":{"start":{"line":49,"column":8},"end":{"line":49,"column":40}},"21":{"start":{"line":50,"column":8},"end":{"line":61,"column":13}},"22":{"start":{"line":55,"column":12},"end":{"line":55,"column":41}},"23":{"start":{"line":56,"column":12},"end":{"line":56,"column":65}},"24":{"start":{"line":57,"column":12},"end":{"line":59,"column":15}},"25":{"start":{"line":58,"column":14},"end":{"line":58,"column":86}},"26":{"start":{"line":60,"column":12},"end":{"line":60,"column":19}},"27":{"start":{"line":66,"column":2},"end":{"line":78,"column":5}},"28":{"start":{"line":67,"column":4},"end":{"line":77,"column":9}},"29":{"start":{"line":72,"column":8},"end":{"line":72,"column":39}},"30":{"start":{"line":73,"column":8},"end":{"line":75,"column":11}},"31":{"start":{"line":74,"column":10},"end":{"line":74,"column":55}},"32":{"start":{"line":76,"column":8},"end":{"line":76,"column":15}},"33":{"start":{"line":81,"column":2},"end":{"line":90,"column":5}},"34":{"start":{"line":82,"column":4},"end":{"line":89,"column":9}},"35":{"start":{"line":87,"column":8},"end":{"line":87,"column":62}},"36":{"start":{"line":88,"column":8},"end":{"line":88,"column":15}}},"branchMap":{}},"/Users/Aaron/Documents/Code/epa-rfi-backend/spec/Routes/ReleasesSpec.js":{"path":"/Users/Aaron/Documents/Code/epa-rfi-backend/spec/Routes/ReleasesSpec.js","s":{"1":1,"2":1,"3":1,"4":1,"5":1,"6":1,"7":6,"8":6,"9":0,"10":0,"11":1,"12":1,"13":1,"14":6,"15":1,"16":1,"17":1,"18":1,"19":1,"20":1,"21":1,"22":1,"23":1,"24":1,"25":1,"26":1,"27":1,"28":1,"29":1,"30":1,"31":1,"32":1,"33":1,"34":25,"35":1,"36":1,"37":1,"38":1,"39":1,"40":1,"41":1,"42":1,"43":1,"44":1,"45":1,"46":1,"47":1,"48":1},"b":{},"f":{"1":6,"2":0,"3":1,"4":6,"5":1,"6":1,"7":1,"8":1,"9":1,"10":1,"11":1,"12":25,"13":1,"14":1,"15":1,"16":1,"17":1,"18":1},"fnMap":{"1":{"name":"Validator","line":9,"loc":{"start":{"line":9,"column":0},"end":{"line":9,"column":29}}},"2":{"name":"(anonymous_2)","line":13,"loc":{"start":{"line":13,"column":18},"end":{"line":13,"column":44}}},"3":{"name":"(anonymous_3)","line":20,"loc":{"start":{"line":20,"column":25},"end":{"line":20,"column":35}}},"4":{"name":"(anonymous_4)","line":24,"loc":{"start":{"line":24,"column":13},"end":{"line":24,"column":23}}},"5":{"name":"(anonymous_5)","line":28,"loc":{"start":{"line":28,"column":26},"end":{"line":28,"column":40}}},"6":{"name":"(anonymous_6)","line":38,"loc":{"start":{"line":38,"column":11},"end":{"line":38,"column":29}}},"7":{"name":"(anonymous_7)","line":47,"loc":{"start":{"line":47,"column":43},"end":{"line":47,"column":57}}},"8":{"name":"(anonymous_8)","line":54,"loc":{"start":{"line":54,"column":11},"end":{"line":54,"column":29}}},"9":{"name":"(anonymous_9)","line":60,"loc":{"start":{"line":60,"column":15},"end":{"line":60,"column":33}}},"10":{"name":"(anonymous_10)","line":68,"loc":{"start":{"line":68,"column":60},"end":{"line":68,"column":74}}},"11":{"name":"(anonymous_11)","line":73,"loc":{"start":{"line":73,"column":11},"end":{"line":73,"column":29}}},"12":{"name":"(anonymous_12)","line":74,"loc":{"start":{"line":74,"column":30},"end":{"line":74,"column":47}}},"13":{"name":"(anonymous_13)","line":82,"loc":{"start":{"line":82,"column":57},"end":{"line":82,"column":71}}},"14":{"name":"(anonymous_14)","line":87,"loc":{"start":{"line":87,"column":11},"end":{"line":87,"column":29}}},"15":{"name":"(anonymous_15)","line":95,"loc":{"start":{"line":95,"column":52},"end":{"line":95,"column":66}}},"16":{"name":"(anonymous_16)","line":100,"loc":{"start":{"line":100,"column":11},"end":{"line":100,"column":29}}},"17":{"name":"(anonymous_17)","line":107,"loc":{"start":{"line":107,"column":25},"end":{"line":107,"column":39}}},"18":{"name":"(anonymous_18)","line":112,"loc":{"start":{"line":112,"column":11},"end":{"line":112,"column":29}}}},"statementMap":{"1":{"start":{"line":1,"column":0},"end":{"line":1,"column":35}},"2":{"start":{"line":2,"column":0},"end":{"line":2,"column":64}},"3":{"start":{"line":4,"column":0},"end":{"line":4,"column":44}},"4":{"start":{"line":5,"column":0},"end":{"line":5,"column":24}},"5":{"start":{"line":6,"column":0},"end":{"line":6,"column":68}},"6":{"start":{"line":9,"column":0},"end":{"line":17,"column":1}},"7":{"start":{"line":11,"column":2},"end":{"line":11,"column":29}},"8":{"start":{"line":13,"column":2},"end":{"line":16,"column":3}},"9":{"start":{"line":14,"column":4},"end":{"line":14,"column":54}},"10":{"start":{"line":15,"column":4},"end":{"line":15,"column":29}},"11":{"start":{"line":20,"column":0},"end":{"line":118,"column":3}},"12":{"start":{"line":22,"column":2},"end":{"line":22,"column":16}},"13":{"start":{"line":24,"column":2},"end":{"line":26,"column":5}},"14":{"start":{"line":25,"column":4},"end":{"line":25,"column":53}},"15":{"start":{"line":28,"column":2},"end":{"line":44,"column":5}},"16":{"start":{"line":29,"column":4},"end":{"line":29,"column":45}},"17":{"start":{"line":30,"column":4},"end":{"line":30,"column":28}},"18":{"start":{"line":31,"column":4},"end":{"line":31,"column":63}},"19":{"start":{"line":32,"column":4},"end":{"line":32,"column":67}},"20":{"start":{"line":34,"column":4},"end":{"line":43,"column":9}},"21":{"start":{"line":39,"column":8},"end":{"line":39,"column":87}},"22":{"start":{"line":40,"column":8},"end":{"line":40,"column":48}},"23":{"start":{"line":42,"column":8},"end":{"line":42,"column":15}},"24":{"start":{"line":47,"column":2},"end":{"line":65,"column":5}},"25":{"start":{"line":48,"column":4},"end":{"line":48,"column":33}},"26":{"start":{"line":50,"column":4},"end":{"line":64,"column":9}},"27":{"start":{"line":55,"column":8},"end":{"line":55,"column":65}},"28":{"start":{"line":56,"column":8},"end":{"line":63,"column":13}},"29":{"start":{"line":61,"column":12},"end":{"line":61,"column":81}},"30":{"start":{"line":62,"column":12},"end":{"line":62,"column":19}},"31":{"start":{"line":68,"column":2},"end":{"line":79,"column":5}},"32":{"start":{"line":69,"column":4},"end":{"line":78,"column":9}},"33":{"start":{"line":74,"column":8},"end":{"line":76,"column":11}},"34":{"start":{"line":75,"column":10},"end":{"line":75,"column":63}},"35":{"start":{"line":77,"column":8},"end":{"line":77,"column":15}},"36":{"start":{"line":82,"column":2},"end":{"line":92,"column":5}},"37":{"start":{"line":83,"column":4},"end":{"line":91,"column":9}},"38":{"start":{"line":88,"column":8},"end":{"line":88,"column":50}},"39":{"start":{"line":89,"column":8},"end":{"line":89,"column":49}},"40":{"start":{"line":90,"column":8},"end":{"line":90,"column":15}},"41":{"start":{"line":95,"column":2},"end":{"line":104,"column":5}},"42":{"start":{"line":96,"column":4},"end":{"line":103,"column":9}},"43":{"start":{"line":101,"column":8},"end":{"line":101,"column":62}},"44":{"start":{"line":102,"column":8},"end":{"line":102,"column":15}},"45":{"start":{"line":107,"column":2},"end":{"line":116,"column":5}},"46":{"start":{"line":108,"column":4},"end":{"line":115,"column":9}},"47":{"start":{"line":113,"column":8},"end":{"line":113,"column":72}},"48":{"start":{"line":114,"column":8},"end":{"line":114,"column":15}}},"branchMap":{}},"/Users/Aaron/Documents/Code/epa-rfi-backend/spec/Routes/ReportsSpec.js":{"path":"/Users/Aaron/Documents/Code/epa-rfi-backend/spec/Routes/ReportsSpec.js","s":{"1":1,"2":1,"3":1,"4":1,"5":1,"6":1,"7":1,"8":1,"9":1,"10":1,"11":1,"12":1,"13":1,"14":1,"15":1,"16":1,"17":1,"18":1,"19":1,"20":1,"21":1,"22":1,"23":1,"24":1,"25":1,"26":1},"b":{},"f":{"1":1,"2":1,"3":1,"4":1,"5":1,"6":1,"7":1,"8":1,"9":1},"fnMap":{"1":{"name":"(anonymous_1)","line":6,"loc":{"start":{"line":6,"column":24},"end":{"line":6,"column":34}}},"2":{"name":"(anonymous_2)","line":8,"loc":{"start":{"line":8,"column":41},"end":{"line":8,"column":55}}},"3":{"name":"(anonymous_3)","line":13,"loc":{"start":{"line":13,"column":11},"end":{"line":13,"column":29}}},"4":{"name":"(anonymous_4)","line":24,"loc":{"start":{"line":24,"column":51},"end":{"line":24,"column":65}}},"5":{"name":"(anonymous_5)","line":29,"loc":{"start":{"line":29,"column":11},"end":{"line":29,"column":29}}},"6":{"name":"(anonymous_6)","line":40,"loc":{"start":{"line":40,"column":44},"end":{"line":40,"column":58}}},"7":{"name":"(anonymous_7)","line":45,"loc":{"start":{"line":45,"column":11},"end":{"line":45,"column":29}}},"8":{"name":"(anonymous_8)","line":52,"loc":{"start":{"line":52,"column":63},"end":{"line":52,"column":77}}},"9":{"name":"(anonymous_9)","line":57,"loc":{"start":{"line":57,"column":11},"end":{"line":57,"column":29}}}},"statementMap":{"1":{"start":{"line":1,"column":0},"end":{"line":1,"column":35}},"2":{"start":{"line":2,"column":0},"end":{"line":2,"column":44}},"3":{"start":{"line":3,"column":0},"end":{"line":3,"column":24}},"4":{"start":{"line":6,"column":0},"end":{"line":63,"column":3}},"5":{"start":{"line":8,"column":2},"end":{"line":21,"column":5}},"6":{"start":{"line":9,"column":4},"end":{"line":20,"column":9}},"7":{"start":{"line":14,"column":8},"end":{"line":14,"column":36}},"8":{"start":{"line":16,"column":8},"end":{"line":16,"column":82}},"9":{"start":{"line":17,"column":8},"end":{"line":17,"column":101}},"10":{"start":{"line":18,"column":8},"end":{"line":18,"column":98}},"11":{"start":{"line":19,"column":8},"end":{"line":19,"column":15}},"12":{"start":{"line":24,"column":2},"end":{"line":37,"column":5}},"13":{"start":{"line":25,"column":4},"end":{"line":36,"column":9}},"14":{"start":{"line":30,"column":8},"end":{"line":30,"column":36}},"15":{"start":{"line":32,"column":8},"end":{"line":32,"column":82}},"16":{"start":{"line":33,"column":8},"end":{"line":33,"column":101}},"17":{"start":{"line":34,"column":8},"end":{"line":34,"column":98}},"18":{"start":{"line":35,"column":8},"end":{"line":35,"column":15}},"19":{"start":{"line":40,"column":2},"end":{"line":49,"column":5}},"20":{"start":{"line":41,"column":4},"end":{"line":48,"column":9}},"21":{"start":{"line":46,"column":8},"end":{"line":46,"column":130}},"22":{"start":{"line":47,"column":8},"end":{"line":47,"column":15}},"23":{"start":{"line":52,"column":2},"end":{"line":61,"column":5}},"24":{"start":{"line":53,"column":4},"end":{"line":60,"column":9}},"25":{"start":{"line":58,"column":8},"end":{"line":58,"column":130}},"26":{"start":{"line":59,"column":8},"end":{"line":59,"column":15}}},"branchMap":{}}}