TN:
SF:/Users/Aaron/Documents/Code/epa-rfi-backend/spec/Core/Container/ContainerSpec.js
FN:3,(anonymous_1)
FN:5,(anonymous_2)
FN:6,Person
FN:8,(anonymous_4)
FN:22,(anonymous_5)
FN:23,Person
FN:37,(anonymous_7)
FN:38,Person
FN:42,(anonymous_9)
FN:54,(anonymous_10)
FN:55,Person
FN:57,(anonymous_12)
FN:65,(anonymous_13)
FN:66,(anonymous_14)
FNF:14
FNH:14
FNDA:1,(anonymous_1)
FNDA:1,(anonymous_2)
FNDA:2,Person
FNDA:2,(anonymous_4)
FNDA:1,(anonymous_5)
FNDA:1,Person
FNDA:1,(anonymous_7)
FNDA:1,Person
FNDA:1,(anonymous_9)
FNDA:1,(anonymous_10)
FNDA:1,Person
FNDA:1,(anonymous_12)
FNDA:1,(anonymous_13)
FNDA:1,(anonymous_14)
DA:1,1
DA:3,1
DA:5,1
DA:6,1
DA:8,1
DA:9,2
DA:12,1
DA:13,1
DA:16,1
DA:18,1
DA:22,1
DA:23,1
DA:24,1
DA:27,1
DA:29,1
DA:30,1
DA:33,1
DA:37,1
DA:38,1
DA:39,1
DA:42,1
DA:43,1
DA:46,1
DA:47,1
DA:50,1
DA:54,1
DA:55,1
DA:57,1
DA:58,1
DA:61,1
DA:65,1
DA:66,1
DA:67,1
DA:72,1
DA:75,1
DA:77,1
DA:78,1
DA:79,1
DA:82,1
DA:84,1
LF:40
LH:40
BRF:0
BRH:0
end_of_record
TN:
SF:/Users/Aaron/Documents/Code/epa-rfi-backend/src/Core/Container/Container.js
FN:9,(anonymous_1)
FN:11,(anonymous_2)
FN:16,(anonymous_3)
FN:30,(anonymous_4)
FN:34,(anonymous_5)
FN:40,(anonymous_6)
FN:54,(anonymous_7)
FN:58,(anonymous_8)
FN:69,(anonymous_9)
FN:73,(anonymous_10)
FN:77,(anonymous_11)
FN:98,(anonymous_12)
FNF:12
FNH:11
FNDA:22,(anonymous_1)
FNDA:46,(anonymous_2)
FNDA:10,(anonymous_3)
FNDA:10,(anonymous_4)
FNDA:23,(anonymous_5)
FNDA:3,(anonymous_6)
FNDA:0,(anonymous_7)
FNDA:9,(anonymous_8)
FNDA:10,(anonymous_9)
FNDA:39,(anonymous_10)
FNDA:53,(anonymous_11)
FNDA:3,(anonymous_12)
DA:1,1
DA:10,22
DA:11,22
DA:12,46
DA:17,10
DA:18,0
DA:21,10
DA:23,10
DA:25,10
DA:27,10
DA:31,10
DA:35,23
DA:36,23
DA:37,23
DA:41,3
DA:42,0
DA:45,3
DA:47,3
DA:49,3
DA:51,3
DA:55,0
DA:60,9
DA:62,9
DA:64,9
DA:66,9
DA:70,10
DA:74,39
DA:79,53
DA:80,39
DA:84,14
DA:85,3
DA:86,3
DA:87,3
DA:91,11
DA:92,10
DA:95,1
DA:99,3
LF:37
LH:34
BRDA:17,1,0,0
BRDA:17,1,1,10
BRDA:41,2,0,0
BRDA:41,2,1,3
BRDA:79,3,0,39
BRDA:79,3,1,14
BRDA:84,4,0,3
BRDA:84,4,1,11
BRDA:91,5,0,10
BRDA:91,5,1,1
BRF:10
BRH:8
end_of_record
TN:
SF:/Users/Aaron/Documents/Code/epa-rfi-backend/spec/Core/Events/EventBusSpec.js
FN:4,ThingWasSavedEvent
FN:9,(anonymous_2)
FN:11,(anonymous_3)
FN:15,(anonymous_4)
FN:28,(anonymous_5)
FN:31,(anonymous_6)
FN:32,(anonymous_7)
FNF:7
FNH:7
FNDA:2,ThingWasSavedEvent
FNDA:1,(anonymous_2)
FNDA:1,(anonymous_3)
FNDA:2,(anonymous_4)
FNDA:1,(anonymous_5)
FNDA:1,(anonymous_6)
FNDA:1,(anonymous_7)
DA:1,1
DA:2,1
DA:4,1
DA:5,2
DA:6,2
DA:9,1
DA:11,1
DA:12,1
DA:15,1
DA:16,2
DA:17,2
DA:18,2
DA:21,1
DA:23,1
DA:24,1
DA:28,1
DA:29,1
DA:31,1
DA:32,1
DA:33,1
DA:34,1
DA:35,1
DA:39,1
DA:41,1
DA:43,1
DA:45,1
LF:26
LH:26
BRF:0
BRH:0
end_of_record
TN:
SF:/Users/Aaron/Documents/Code/epa-rfi-backend/src/bootstrap.js
FN:7,(anonymous_1)
FN:13,(anonymous_2)
FN:17,(anonymous_3)
FN:28,(anonymous_4)
FNF:4
FNH:3
FNDA:1,(anonymous_1)
FNDA:2,(anonymous_2)
FNDA:1,(anonymous_3)
FNDA:0,(anonymous_4)
DA:1,1
DA:3,1
DA:5,1
DA:7,1
DA:8,1
DA:13,1
DA:14,2
DA:17,1
DA:18,1
DA:21,1
DA:23,1
DA:25,1
DA:28,1
DA:29,0
DA:33,1
LF:15
LH:14
BRF:0
BRH:0
end_of_record
TN:
SF:/Users/Aaron/Documents/Code/epa-rfi-backend/config.js
FNF:0
FNH:0
DA:1,1
LF:1
LH:1
BRF:0
BRH:0
end_of_record
TN:
SF:/Users/Aaron/Documents/Code/epa-rfi-backend/src/Core/Events/EventBus.js
FN:7,(anonymous_1)
FN:19,(anonymous_2)
FN:31,(anonymous_3)
FN:36,(anonymous_4)
FN:42,(anonymous_5)
FN:50,(anonymous_6)
FNF:6
FNH:6
FNDA:1,(anonymous_1)
FNDA:2,(anonymous_2)
FNDA:3,(anonymous_3)
FNDA:2,(anonymous_4)
FNDA:2,(anonymous_5)
FNDA:3,(anonymous_6)
DA:1,1
DA:10,1
DA:11,1
DA:14,1
DA:16,1
DA:22,2
DA:23,2
DA:26,2
DA:28,2
DA:33,3
DA:35,3
DA:36,2
DA:37,2
DA:41,3
DA:42,2
DA:43,2
DA:47,3
DA:51,3
DA:55,1
LF:19
LH:19
BRDA:10,1,0,1
BRDA:10,1,1,0
BRDA:22,2,0,2
BRDA:22,2,1,0
BRDA:35,3,0,2
BRDA:35,3,1,1
BRDA:41,4,0,2
BRDA:41,4,1,1
BRF:8
BRH:6
end_of_record
TN:
SF:/Users/Aaron/Documents/Code/epa-rfi-backend/spec/Core/Events/SubscriberSpec.js
FN:5,(anonymous_1)
FN:7,(anonymous_2)
FN:11,ObjectWasSaved
FN:16,MySubscriber
FN:17,(anonymous_5)
FNF:5
FNH:5
FNDA:1,(anonymous_1)
FNDA:1,(anonymous_2)
FNDA:1,ObjectWasSaved
FNDA:1,MySubscriber
FNDA:1,(anonymous_5)
DA:1,1
DA:2,1
DA:3,1
DA:5,1
DA:7,1
DA:8,1
DA:11,1
DA:12,1
DA:16,1
DA:17,1
DA:18,1
DA:22,1
DA:24,1
DA:26,1
DA:28,1
LF:15
LH:15
BRF:0
BRH:0
end_of_record
TN:
SF:/Users/Aaron/Documents/Code/epa-rfi-backend/src/Core/Events/Subscriber.js
FN:1,Subscriber
FN:3,(anonymous_2)
FNF:2
FNH:2
FNDA:1,Subscriber
FNDA:1,(anonymous_2)
DA:1,1
DA:3,1
DA:5,1
DA:7,1
DA:9,1
DA:10,1
DA:11,1
DA:14,0
DA:20,1
LF:9
LH:8
BRDA:9,1,0,1
BRDA:9,1,1,0
BRF:2
BRH:1
end_of_record
TN:
SF:/Users/Aaron/Documents/Code/epa-rfi-backend/spec/Epa/EpaRepositorySpec.js
FN:4,(anonymous_1)
FN:6,(anonymous_2)
FN:7,(anonymous_3)
FN:10,(anonymous_4)
FN:18,(anonymous_5)
FN:19,(anonymous_6)
FN:26,(anonymous_7)
FN:30,(anonymous_8)
FN:32,(anonymous_9)
FNF:9
FNH:9
FNDA:1,(anonymous_1)
FNDA:1,(anonymous_2)
FNDA:1,(anonymous_3)
FNDA:25,(anonymous_4)
FNDA:1,(anonymous_5)
FNDA:1,(anonymous_6)
FNDA:1,(anonymous_7)
FNDA:1,(anonymous_8)
FNDA:100,(anonymous_9)
DA:1,1
DA:2,1
DA:4,1
DA:6,1
DA:7,1
DA:8,1
DA:9,1
DA:10,1
DA:11,25
DA:13,1
DA:18,1
DA:19,1
DA:20,1
DA:21,1
DA:26,1
DA:27,1
DA:31,1
DA:32,1
DA:33,100
DA:36,1
DA:38,1
DA:39,99
DA:41,1
LF:23
LH:23
BRF:0
BRH:0
end_of_record
TN:
SF:/Users/Aaron/Documents/Code/epa-rfi-backend/src/app.js
FN:15,(anonymous_1)
FN:23,(anonymous_2)
FN:30,(anonymous_3)
FN:37,(anonymous_4)
FNF:4
FNH:2
FNDA:2,(anonymous_1)
FNDA:1,(anonymous_2)
FNDA:0,(anonymous_3)
FNDA:0,(anonymous_4)
DA:1,1
DA:2,1
DA:3,1
DA:4,1
DA:5,1
DA:8,1
DA:12,1
DA:16,2
DA:21,1
DA:24,1
DA:25,1
DA:30,1
DA:31,0
DA:32,0
DA:37,1
DA:38,0
DA:39,0
DA:42,0
DA:43,0
DA:44,0
DA:50,0
DA:51,0
DA:52,0
DA:54,0
DA:60,1
DA:62,1
LF:26
LH:15
BRDA:42,1,0,0
BRDA:42,1,1,0
BRDA:50,2,0,0
BRDA:50,2,1,0
BRF:4
BRH:0
end_of_record
TN:
SF:/Users/Aaron/Documents/Code/epa-rfi-backend/src/Errors/HttpError.js
FN:1,HttpError
FNF:1
FNH:0
FNDA:0,HttpError
DA:1,1
DA:3,0
DA:4,0
DA:5,0
DA:7,0
DA:10,1
LF:6
LH:2
BRF:0
BRH:0
end_of_record
TN:
SF:/Users/Aaron/Documents/Code/epa-rfi-backend/src/Middleware/LimitMaximum.js
FN:3,(anonymous_1)
FNF:1
FNH:1
FNDA:23,(anonymous_1)
DA:1,1
DA:3,1
DA:4,23
DA:6,23
DA:7,8
DA:10,23
LF:6
LH:6
BRDA:4,1,0,23
BRDA:4,1,1,23
BRDA:6,2,0,8
BRDA:6,2,1,15
BRF:4
BRH:4
end_of_record
TN:
SF:/Users/Aaron/Documents/Code/epa-rfi-backend/src/Middleware/Cors.js
FN:3,(anonymous_1)
FNF:1
FNH:1
FNDA:23,(anonymous_1)
DA:3,1
DA:4,23
DA:5,23
DA:6,23
DA:9,23
DA:10,0
DA:13,23
DA:17,1
LF:8
LH:7
BRDA:9,1,0,0
BRDA:9,1,1,23
BRF:2
BRH:1
end_of_record
TN:
SF:/Users/Aaron/Documents/Code/epa-rfi-backend/src/Epa/EpaServiceProvider.js
FN:1,EpaServiceProvider
FN:3,(anonymous_2)
FN:14,(anonymous_3)
FN:15,(anonymous_4)
FN:23,(anonymous_5)
FN:24,(anonymous_6)
FN:31,(anonymous_7)
FN:32,(anonymous_8)
FN:39,(anonymous_9)
FN:40,(anonymous_10)
FN:49,(anonymous_11)
FN:50,(anonymous_12)
FN:58,(anonymous_13)
FNF:13
FNH:11
FNDA:1,EpaServiceProvider
FNDA:1,(anonymous_2)
FNDA:1,(anonymous_3)
FNDA:1,(anonymous_4)
FNDA:1,(anonymous_5)
FNDA:0,(anonymous_6)
FNDA:1,(anonymous_7)
FNDA:0,(anonymous_8)
FNDA:1,(anonymous_9)
FNDA:2,(anonymous_10)
FNDA:1,(anonymous_11)
FNDA:1,(anonymous_12)
FNDA:1,(anonymous_13)
DA:1,1
DA:3,1
DA:4,1
DA:5,1
DA:6,1
DA:7,1
DA:8,1
DA:10,1
DA:14,1
DA:15,1
DA:16,1
DA:17,1
DA:18,1
DA:23,1
DA:24,1
DA:25,0
DA:26,0
DA:31,1
DA:32,1
DA:33,0
DA:34,0
DA:39,1
DA:40,1
DA:41,2
DA:42,2
DA:43,2
DA:44,2
DA:49,1
DA:50,1
DA:51,1
DA:52,1
DA:58,1
DA:59,1
DA:60,1
DA:62,1
DA:63,1
DA:64,1
DA:67,1
DA:68,1
DA:72,1
DA:77,1
LF:41
LH:37
BRF:0
BRH:0
end_of_record
TN:
SF:/Users/Aaron/Documents/Code/epa-rfi-backend/src/Epa/EpaRepository.js
FN:3,EpaRepository
FN:12,(anonymous_2)
FN:17,(anonymous_3)
FN:26,(anonymous_4)
FN:30,(anonymous_5)
FN:50,(anonymous_6)
FN:52,(anonymous_7)
FN:78,(anonymous_8)
FN:83,(anonymous_9)
FN:89,(anonymous_10)
FN:107,(anonymous_11)
FN:111,(anonymous_12)
FN:125,(anonymous_13)
FN:136,(anonymous_14)
FN:140,(anonymous_15)
FN:149,(anonymous_16)
FN:153,(anonymous_17)
FN:166,(anonymous_18)
FN:172,(anonymous_19)
FN:204,(anonymous_20)
FN:205,(anonymous_21)
FN:214,(anonymous_22)
FN:223,(anonymous_23)
FN:235,(anonymous_24)
FNF:24
FNH:21
FNDA:2,EpaRepository
FNDA:0,(anonymous_2)
FNDA:0,(anonymous_3)
FNDA:9,(anonymous_4)
FNDA:0,(anonymous_5)
FNDA:9,(anonymous_6)
FNDA:107387,(anonymous_7)
FNDA:9,(anonymous_8)
FNDA:9400,(anonymous_9)
FNDA:9400,(anonymous_10)
FNDA:2,(anonymous_11)
FNDA:2,(anonymous_12)
FNDA:13,(anonymous_13)
FNDA:13,(anonymous_14)
FNDA:312,(anonymous_15)
FNDA:4,(anonymous_16)
FNDA:4,(anonymous_17)
FNDA:2,(anonymous_18)
FNDA:4,(anonymous_19)
FNDA:2,(anonymous_20)
FNDA:107,(anonymous_21)
FNDA:214,(anonymous_22)
FNDA:2,(anonymous_23)
FNDA:2,(anonymous_24)
DA:1,1
DA:3,1
DA:5,2
DA:6,2
DA:7,2
DA:9,2
DA:10,2
DA:12,2
DA:13,0
DA:18,0
DA:19,0
DA:21,0
DA:26,2
DA:27,9
DA:29,9
DA:30,6
DA:31,0
DA:34,3
DA:37,9
DA:51,9
DA:52,9
DA:53,107387
DA:56,9
DA:57,9
DA:58,9
DA:59,9
DA:61,9
DA:63,9
DA:80,9
DA:81,9
DA:83,9
DA:84,9400
DA:88,9
DA:89,9
DA:90,9400
DA:91,9400
DA:92,9192
DA:94,208
DA:95,208
DA:99,9
DA:100,9
DA:107,2
DA:108,2
DA:112,2
DA:113,2
DA:114,1
DA:115,1
DA:117,1
DA:120,2
DA:125,2
DA:126,13
DA:137,13
DA:138,13
DA:139,13
DA:140,13
DA:141,312
DA:144,13
DA:149,2
DA:150,4
DA:154,4
DA:155,4
DA:156,2
DA:157,2
DA:159,2
DA:162,4
DA:166,2
DA:167,2
DA:170,2
DA:171,2
DA:172,2
DA:173,4
DA:178,2
DA:189,2
DA:190,1
DA:201,2
DA:204,2
DA:205,2
DA:206,107
DA:208,107
DA:210,107
DA:211,107
DA:214,107
DA:215,214
DA:218,107
DA:223,2
DA:225,2
DA:226,2
DA:228,2
DA:231,2
DA:236,2
DA:237,2
DA:238,2
DA:239,2
DA:241,2
DA:247,1
DA:249,1
DA:251,1
LF:97
LH:92
BRDA:18,1,0,0
BRDA:18,1,1,0
BRDA:29,2,0,6
BRDA:29,2,1,3
BRDA:51,3,0,9
BRDA:51,3,1,0
BRDA:57,4,0,9
BRDA:57,4,1,2
BRDA:58,5,0,9
BRDA:58,5,1,9
BRDA:81,6,0,9
BRDA:81,6,1,0
BRDA:90,7,0,9192
BRDA:90,7,1,208
BRDA:91,8,0,9192
BRDA:91,8,1,208
BRDA:112,9,0,2
BRDA:112,9,1,0
BRDA:113,10,0,1
BRDA:113,10,1,1
BRDA:137,11,0,13
BRDA:137,11,1,0
BRDA:154,12,0,4
BRDA:154,12,1,0
BRDA:155,13,0,2
BRDA:155,13,1,2
BRDA:170,14,0,2
BRDA:170,14,1,0
BRDA:170,15,0,2
BRDA:170,15,1,0
BRDA:189,16,0,1
BRDA:189,16,1,1
BRDA:210,17,0,107
BRDA:210,17,1,0
BRDA:236,18,0,2
BRDA:236,18,1,0
BRF:36
BRH:25
end_of_record
TN:
SF:/Users/Aaron/Documents/Code/epa-rfi-backend/src/Core/Repositories/Repository.js
FN:1,Repository
FN:5,(anonymous_2)
FN:10,(anonymous_3)
FNF:3
FNH:3
FNDA:1,Repository
FNDA:24,(anonymous_2)
FNDA:18,(anonymous_3)
DA:1,1
DA:3,1
DA:5,1
DA:6,24
DA:7,24
DA:10,1
DA:11,18
DA:15,1
LF:8
LH:8
BRF:0
BRH:0
end_of_record
TN:
SF:/Users/Aaron/Documents/Code/epa-rfi-backend/src/Epa/DotObjectTransformer.js
FN:3,(anonymous_1)
FN:5,(anonymous_2)
FNF:2
FNH:2
FNDA:1,(anonymous_1)
FNDA:107,(anonymous_2)
DA:1,1
DA:3,1
DA:5,1
DA:6,107
DA:9,1
LF:5
LH:5
BRF:0
BRH:0
end_of_record
TN:
SF:/Users/Aaron/Documents/Code/epa-rfi-backend/src/Epa/routes.js
FN:1,(anonymous_1)
FN:3,getFields
FN:9,(anonymous_3)
FN:15,(anonymous_4)
FN:23,(anonymous_5)
FN:33,(anonymous_6)
FN:38,(anonymous_7)
FN:48,(anonymous_8)
FN:62,(anonymous_9)
FN:73,(anonymous_10)
FN:81,(anonymous_11)
FN:91,(anonymous_12)
FN:96,(anonymous_13)
FN:107,(anonymous_14)
FN:121,(anonymous_15)
FN:131,(anonymous_16)
FN:142,(anonymous_17)
FN:158,(anonymous_18)
FN:171,(anonymous_19)
FN:187,(anonymous_20)
FN:189,(anonymous_21)
FNF:21
FNH:17
FNDA:1,(anonymous_1)
FNDA:19,getFields
FNDA:0,(anonymous_3)
FNDA:4,(anonymous_4)
FNDA:4,(anonymous_5)
FNDA:2,(anonymous_6)
FNDA:2,(anonymous_7)
FNDA:1,(anonymous_8)
FNDA:1,(anonymous_9)
FNDA:8,(anonymous_10)
FNDA:8,(anonymous_11)
FNDA:4,(anonymous_12)
FNDA:4,(anonymous_13)
FNDA:4,(anonymous_14)
FNDA:1,(anonymous_15)
FNDA:1,(anonymous_16)
FNDA:1,(anonymous_17)
FNDA:1,(anonymous_18)
FNDA:0,(anonymous_19)
FNDA:0,(anonymous_20)
FNDA:0,(anonymous_21)
DA:1,1
DA:3,1
DA:4,19
DA:9,1
DA:10,0
DA:11,0
DA:15,1
DA:16,4
DA:23,4
DA:24,4
DA:25,0
DA:27,4
DA:33,1
DA:34,2
DA:38,2
DA:39,2
DA:40,1
DA:42,1
DA:48,1
DA:49,1
DA:51,1
DA:52,0
DA:55,1
DA:62,1
DA:63,1
DA:64,0
DA:66,1
DA:73,1
DA:74,8
DA:81,8
DA:82,8
DA:83,0
DA:85,8
DA:91,1
DA:92,4
DA:96,4
DA:97,4
DA:98,2
DA:100,2
DA:107,1
DA:108,4
DA:110,4
DA:111,8
DA:112,2
DA:113,2
DA:117,2
DA:121,1
DA:122,1
DA:131,1
DA:132,1
DA:133,0
DA:135,1
DA:136,1
DA:142,1
DA:143,1
DA:145,1
DA:146,0
DA:149,1
DA:158,1
DA:159,1
DA:160,0
DA:162,1
DA:163,1
DA:171,1
DA:172,0
DA:173,0
DA:174,0
DA:176,0
DA:188,0
DA:189,0
DA:190,0
DA:192,0
DA:195,0
DA:245,1
LF:74
LH:56
BRDA:4,1,0,4
BRDA:4,1,1,15
BRDA:18,2,0,4
BRDA:18,2,1,1
BRDA:19,3,0,4
BRDA:19,3,1,4
BRDA:24,4,0,0
BRDA:24,4,1,4
BRDA:39,5,0,1
BRDA:39,5,1,1
BRDA:51,6,0,0
BRDA:51,6,1,1
BRDA:57,7,0,1
BRDA:57,7,1,1
BRDA:58,8,0,1
BRDA:58,8,1,1
BRDA:63,9,0,0
BRDA:63,9,1,1
BRDA:76,10,0,8
BRDA:76,10,1,5
BRDA:77,11,0,8
BRDA:77,11,1,8
BRDA:82,12,0,0
BRDA:82,12,1,8
BRDA:97,13,0,2
BRDA:97,13,1,2
BRDA:111,14,0,2
BRDA:111,14,1,6
BRDA:111,15,0,8
BRDA:111,15,1,7
BRDA:127,16,0,1
BRDA:127,16,1,0
BRDA:128,17,0,1
BRDA:128,17,1,1
BRDA:132,18,0,0
BRDA:132,18,1,1
BRDA:145,19,0,0
BRDA:145,19,1,1
BRDA:154,20,0,1
BRDA:154,20,1,0
BRDA:155,21,0,1
BRDA:155,21,1,1
BRDA:159,22,0,0
BRDA:159,22,1,1
BRDA:188,23,0,0
BRDA:188,23,1,0
BRF:46
BRH:35
end_of_record
TN:
SF:/Users/Aaron/Documents/Code/epa-rfi-backend/spec/Middleware/FieldLimitingSpec.js
FN:5,(anonymous_1)
FN:7,(anonymous_2)
FN:12,(anonymous_3)
FN:21,(anonymous_4)
FN:26,(anonymous_5)
FN:32,(anonymous_6)
FN:42,(anonymous_7)
FN:47,(anonymous_8)
FN:58,(anonymous_9)
FN:63,(anonymous_10)
FNF:10
FNH:10
FNDA:1,(anonymous_1)
FNDA:1,(anonymous_2)
FNDA:1,(anonymous_3)
FNDA:1,(anonymous_4)
FNDA:1,(anonymous_5)
FNDA:1,(anonymous_6)
FNDA:1,(anonymous_7)
FNDA:1,(anonymous_8)
FNDA:1,(anonymous_9)
FNDA:1,(anonymous_10)
DA:1,1
DA:2,1
DA:3,1
DA:5,1
DA:7,1
DA:8,1
DA:13,1
DA:14,1
DA:15,1
DA:16,1
DA:21,1
DA:22,1
DA:27,1
DA:28,1
DA:33,1
DA:34,1
DA:35,1
DA:36,1
DA:42,1
DA:43,1
DA:48,1
DA:49,1
DA:50,1
DA:51,1
DA:52,1
DA:53,1
DA:58,1
DA:59,1
DA:64,1
DA:65,1
LF:30
LH:30
BRF:0
BRH:0
end_of_record
TN:
SF:/Users/Aaron/Documents/Code/epa-rfi-backend/spec/Routes/FacilitiesSpec.js
FN:7,(anonymous_1)
FN:9,(anonymous_2)
FN:14,(anonymous_3)
FN:24,(anonymous_4)
FN:29,(anonymous_5)
FN:35,(anonymous_6)
FN:43,(anonymous_7)
FN:48,(anonymous_8)
FN:54,(anonymous_9)
FN:57,(anonymous_10)
FN:66,(anonymous_11)
FN:71,(anonymous_12)
FN:73,(anonymous_13)
FN:81,(anonymous_14)
FN:86,(anonymous_15)
FNF:15
FNH:15
FNDA:1,(anonymous_1)
FNDA:1,(anonymous_2)
FNDA:1,(anonymous_3)
FNDA:1,(anonymous_4)
FNDA:1,(anonymous_5)
FNDA:1,(anonymous_6)
FNDA:1,(anonymous_7)
FNDA:1,(anonymous_8)
FNDA:1,(anonymous_9)
FNDA:25,(anonymous_10)
FNDA:1,(anonymous_11)
FNDA:1,(anonymous_12)
FNDA:25,(anonymous_13)
FNDA:1,(anonymous_14)
FNDA:1,(anonymous_15)
DA:2,1
DA:3,1
DA:4,1
DA:7,1
DA:9,1
DA:10,1
DA:15,1
DA:16,1
DA:17,1
DA:18,1
DA:19,1
DA:24,1
DA:25,1
DA:30,1
DA:31,1
DA:36,1
DA:37,1
DA:43,1
DA:44,1
DA:49,1
DA:50,1
DA:55,1
DA:56,1
DA:57,1
DA:58,25
DA:60,1
DA:66,1
DA:67,1
DA:72,1
DA:73,1
DA:74,25
DA:76,1
DA:81,1
DA:82,1
DA:87,1
DA:88,1
LF:36
LH:36
BRF:0
BRH:0
end_of_record
TN:
SF:/Users/Aaron/Documents/Code/epa-rfi-backend/spec/Routes/ReleasesSpec.js
FN:9,Validator
FN:13,(anonymous_2)
FN:20,(anonymous_3)
FN:24,(anonymous_4)
FN:28,(anonymous_5)
FN:38,(anonymous_6)
FN:47,(anonymous_7)
FN:54,(anonymous_8)
FN:60,(anonymous_9)
FN:68,(anonymous_10)
FN:73,(anonymous_11)
FN:74,(anonymous_12)
FN:82,(anonymous_13)
FN:87,(anonymous_14)
FN:95,(anonymous_15)
FN:100,(anonymous_16)
FN:107,(anonymous_17)
FN:112,(anonymous_18)
FNF:18
FNH:17
FNDA:6,Validator
FNDA:0,(anonymous_2)
FNDA:1,(anonymous_3)
FNDA:6,(anonymous_4)
FNDA:1,(anonymous_5)
FNDA:1,(anonymous_6)
FNDA:1,(anonymous_7)
FNDA:1,(anonymous_8)
FNDA:1,(anonymous_9)
FNDA:1,(anonymous_10)
FNDA:1,(anonymous_11)
FNDA:25,(anonymous_12)
FNDA:1,(anonymous_13)
FNDA:1,(anonymous_14)
FNDA:1,(anonymous_15)
FNDA:1,(anonymous_16)
FNDA:1,(anonymous_17)
FNDA:1,(anonymous_18)
DA:1,1
DA:2,1
DA:4,1
DA:5,1
DA:6,1
DA:9,1
DA:11,6
DA:13,6
DA:14,0
DA:15,0
DA:20,1
DA:22,1
DA:24,1
DA:25,6
DA:28,1
DA:29,1
DA:30,1
DA:31,1
DA:32,1
DA:34,1
DA:39,1
DA:40,1
DA:42,1
DA:47,1
DA:48,1
DA:50,1
DA:55,1
DA:56,1
DA:61,1
DA:62,1
DA:68,1
DA:69,1
DA:74,1
DA:75,25
DA:77,1
DA:82,1
DA:83,1
DA:88,1
DA:89,1
DA:90,1
DA:95,1
DA:96,1
DA:101,1
DA:102,1
DA:107,1
DA:108,1
DA:113,1
DA:114,1
LF:48
LH:46
BRF:0
BRH:0
end_of_record
TN:
SF:/Users/Aaron/Documents/Code/epa-rfi-backend/spec/Routes/ReportsSpec.js
FN:6,(anonymous_1)
FN:8,(anonymous_2)
FN:13,(anonymous_3)
FN:24,(anonymous_4)
FN:29,(anonymous_5)
FN:40,(anonymous_6)
FN:45,(anonymous_7)
FN:52,(anonymous_8)
FN:57,(anonymous_9)
FNF:9
FNH:9
FNDA:1,(anonymous_1)
FNDA:1,(anonymous_2)
FNDA:1,(anonymous_3)
FNDA:1,(anonymous_4)
FNDA:1,(anonymous_5)
FNDA:1,(anonymous_6)
FNDA:1,(anonymous_7)
FNDA:1,(anonymous_8)
FNDA:1,(anonymous_9)
DA:1,1
DA:2,1
DA:3,1
DA:6,1
DA:8,1
DA:9,1
DA:14,1
DA:16,1
DA:17,1
DA:18,1
DA:19,1
DA:24,1
DA:25,1
DA:30,1
DA:32,1
DA:33,1
DA:34,1
DA:35,1
DA:40,1
DA:41,1
DA:46,1
DA:47,1
DA:52,1
DA:53,1
DA:58,1
DA:59,1
LF:26
LH:26
BRF:0
BRH:0
end_of_record
